{"meta": {"format": 3, "version": "7.10.1", "timestamp": "2025-07-31T21:58:41.248868", "branch_coverage": false, "show_contexts": false}, "files": {"app/__init__.py": {"executed_lines": [1, 2, 3, 4, 5, 6, 8, 9, 11, 12, 13, 14, 15, 16, 17, 18, 19, 20, 22, 24, 27, 28, 32, 33, 34, 37, 40, 42, 43, 49, 54, 55, 56, 59, 60, 62, 63, 67, 68, 71, 72, 73, 74, 75, 76, 77, 78, 79, 80, 83, 90, 97, 98, 109, 110, 111], "summary": {"covered_lines": 46, "num_statements": 63, "percent_covered": 73.01587301587301, "percent_covered_display": "73", "missing_lines": 17, "excluded_lines": 10}, "missing_lines": [29, 31, 41, 46, 50, 51, 64, 91, 92, 93, 94, 95, 99, 106, 112, 113, 114], "excluded_lines": [71, 72, 73, 74, 75, 76, 77, 78, 79, 80], "functions": {"load_user": {"executed_lines": [], "summary": {"covered_lines": 0, "num_statements": 1, "percent_covered": 0.0, "percent_covered_display": "0", "missing_lines": 1, "excluded_lines": 0}, "missing_lines": [64], "excluded_lines": []}, "https_redirect": {"executed_lines": [], "summary": {"covered_lines": 0, "num_statements": 5, "percent_covered": 0.0, "percent_covered_display": "0", "missing_lines": 5, "excluded_lines": 0}, "missing_lines": [91, 92, 93, 94, 95], "excluded_lines": []}, "inject_csrf_token": {"executed_lines": [], "summary": {"covered_lines": 0, "num_statements": 2, "percent_covered": 0.0, "percent_covered_display": "0", "missing_lines": 2, "excluded_lines": 0}, "missing_lines": [99, 106], "excluded_lines": []}, "react_root": {"executed_lines": [], "summary": {"covered_lines": 0, "num_statements": 3, "percent_covered": 0.0, "percent_covered_display": "0", "missing_lines": 3, "excluded_lines": 0}, "missing_lines": [112, 113, 114], "excluded_lines": []}, "": {"executed_lines": [1, 2, 3, 4, 5, 6, 8, 9, 11, 12, 13, 14, 15, 16, 17, 18, 19, 20, 22, 24, 27, 28, 32, 33, 34, 37, 40, 42, 43, 49, 54, 55, 56, 59, 60, 62, 63, 67, 68, 71, 72, 73, 74, 75, 76, 77, 78, 79, 80, 83, 90, 97, 98, 109, 110, 111], "summary": {"covered_lines": 46, "num_statements": 52, "percent_covered": 88.46153846153847, "percent_covered_display": "88", "missing_lines": 6, "excluded_lines": 10}, "missing_lines": [29, 31, 41, 46, 50, 51], "excluded_lines": [71, 72, 73, 74, 75, 76, 77, 78, 79, 80]}}, "classes": {"": {"executed_lines": [1, 2, 3, 4, 5, 6, 8, 9, 11, 12, 13, 14, 15, 16, 17, 18, 19, 20, 22, 24, 27, 28, 32, 33, 34, 37, 40, 42, 43, 49, 54, 55, 56, 59, 60, 62, 63, 67, 68, 71, 72, 73, 74, 75, 76, 77, 78, 79, 80, 83, 90, 97, 98, 109, 110, 111], "summary": {"covered_lines": 46, "num_statements": 63, "percent_covered": 73.01587301587301, "percent_covered_display": "73", "missing_lines": 17, "excluded_lines": 10}, "missing_lines": [29, 31, 41, 46, 50, 51, 64, 91, 92, 93, 94, 95, 99, 106, 112, 113, 114], "excluded_lines": [71, 72, 73, 74, 75, 76, 77, 78, 79, 80]}}}, "app/api/__init__.py": {"executed_lines": [0], "summary": {"covered_lines": 0, "num_statements": 0, "percent_covered": 100.0, "percent_covered_display": "100", "missing_lines": 0, "excluded_lines": 0}, "missing_lines": [], "excluded_lines": [], "functions": {"": {"executed_lines": [], "summary": {"covered_lines": 0, "num_statements": 0, "percent_covered": 100.0, "percent_covered_display": "100", "missing_lines": 0, "excluded_lines": 0}, "missing_lines": [], "excluded_lines": []}}, "classes": {"": {"executed_lines": [], "summary": {"covered_lines": 0, "num_statements": 0, "percent_covered": 100.0, "percent_covered_display": "100", "missing_lines": 0, "excluded_lines": 0}, "missing_lines": [], "excluded_lines": []}}}, "app/api/auth_routes.py": {"executed_lines": [1, 2, 3, 4, 5, 13, 14, 15, 16, 19, 20, 21, 23, 24, 27, 28, 32, 35, 38, 39, 40, 41, 46, 48, 51, 53, 54, 55, 58, 60, 65, 71, 72, 73, 74, 75, 78, 79, 80, 81, 86, 87, 90, 94, 97, 98, 99, 100, 105, 107, 110, 115, 116, 117, 130, 138, 139, 142, 144, 145, 150, 151, 152, 155, 156, 157, 158, 161, 162, 166], "summary": {"covered_lines": 69, "num_statements": 76, "percent_covered": 90.78947368421052, "percent_covered_display": "91", "missing_lines": 7, "excluded_lines": 1}, "missing_lines": [33, 34, 91, 92, 123, 153, 154], "excluded_lines": [24], "functions": {"authenticate": {"executed_lines": [32, 35], "summary": {"covered_lines": 2, "num_statements": 4, "percent_covered": 50.0, "percent_covered_display": "50", "missing_lines": 2, "excluded_lines": 0}, "missing_lines": [33, 34], "excluded_lines": []}, "login": {"executed_lines": [46, 48, 51, 53, 54, 55, 58, 60, 65, 71, 72, 73, 74, 75], "summary": {"covered_lines": 14, "num_statements": 14, "percent_covered": 100.0, "percent_covered_display": "100", "missing_lines": 0, "excluded_lines": 0}, "missing_lines": [], "excluded_lines": []}, "logout": {"executed_lines": [86, 87, 90, 94], "summary": {"covered_lines": 4, "num_statements": 6, "percent_covered": 66.66666666666667, "percent_covered_display": "67", "missing_lines": 2, "excluded_lines": 0}, "missing_lines": [91, 92], "excluded_lines": []}, "sign_up": {"executed_lines": [105, 107, 110, 115, 116, 117, 130, 138, 139, 142, 144, 145, 150, 151, 152, 155, 156, 157, 158], "summary": {"covered_lines": 19, "num_statements": 22, "percent_covered": 86.36363636363636, "percent_covered_display": "86", "missing_lines": 3, "excluded_lines": 0}, "missing_lines": [123, 153, 154], "excluded_lines": []}, "unauthorized": {"executed_lines": [166], "summary": {"covered_lines": 1, "num_statements": 1, "percent_covered": 100.0, "percent_covered_display": "100", "missing_lines": 0, "excluded_lines": 0}, "missing_lines": [], "excluded_lines": []}, "": {"executed_lines": [1, 2, 3, 4, 5, 13, 14, 15, 16, 19, 20, 21, 23, 24, 27, 28, 38, 39, 40, 41, 78, 79, 80, 81, 97, 98, 99, 100, 161, 162], "summary": {"covered_lines": 29, "num_statements": 29, "percent_covered": 100.0, "percent_covered_display": "100", "missing_lines": 0, "excluded_lines": 1}, "missing_lines": [], "excluded_lines": [24]}}, "classes": {"": {"executed_lines": [1, 2, 3, 4, 5, 13, 14, 15, 16, 19, 20, 21, 23, 24, 27, 28, 32, 35, 38, 39, 40, 41, 46, 48, 51, 53, 54, 55, 58, 60, 65, 71, 72, 73, 74, 75, 78, 79, 80, 81, 86, 87, 90, 94, 97, 98, 99, 100, 105, 107, 110, 115, 116, 117, 130, 138, 139, 142, 144, 145, 150, 151, 152, 155, 156, 157, 158, 161, 162, 166], "summary": {"covered_lines": 69, "num_statements": 76, "percent_covered": 90.78947368421052, "percent_covered_display": "91", "missing_lines": 7, "excluded_lines": 1}, "missing_lines": [33, 34, 91, 92, 123, 153, 154], "excluded_lines": [24]}}}, "app/api/aws_routes.py": {"executed_lines": [1, 2, 3, 4, 5, 8, 10, 11, 14, 15, 16, 17, 18, 19, 20, 21, 22, 23, 24, 25, 26, 27, 28, 31, 32, 33, 34, 35, 36, 37, 38, 39, 41, 42, 43, 44, 45, 46, 48, 49, 52, 56, 57, 58, 59, 62, 63], "summary": {"covered_lines": 46, "num_statements": 47, "percent_covered": 97.87234042553192, "percent_covered_display": "98", "missing_lines": 1, "excluded_lines": 1}, "missing_lines": [47], "excluded_lines": [8], "functions": {"upload": {"executed_lines": [16, 17, 18, 19, 20, 21, 22, 23, 24, 25, 26, 27, 28], "summary": {"covered_lines": 13, "num_statements": 13, "percent_covered": 100.0, "percent_covered_display": "100", "missing_lines": 0, "excluded_lines": 0}, "missing_lines": [], "excluded_lines": []}, "upload_post": {"executed_lines": [33, 34, 35, 36, 37, 38, 39, 41, 42, 43, 44, 45, 46, 48, 49], "summary": {"covered_lines": 15, "num_statements": 16, "percent_covered": 93.75, "percent_covered_display": "94", "missing_lines": 1, "excluded_lines": 0}, "missing_lines": [47], "excluded_lines": []}, "upload_file": {"executed_lines": [56, 57, 58, 59], "summary": {"covered_lines": 4, "num_statements": 4, "percent_covered": 100.0, "percent_covered_display": "100", "missing_lines": 0, "excluded_lines": 0}, "missing_lines": [], "excluded_lines": []}, "change_name": {"executed_lines": [63], "summary": {"covered_lines": 1, "num_statements": 1, "percent_covered": 100.0, "percent_covered_display": "100", "missing_lines": 0, "excluded_lines": 0}, "missing_lines": [], "excluded_lines": []}, "": {"executed_lines": [1, 2, 3, 4, 5, 8, 10, 11, 14, 15, 31, 32, 52, 62], "summary": {"covered_lines": 13, "num_statements": 13, "percent_covered": 100.0, "percent_covered_display": "100", "missing_lines": 0, "excluded_lines": 1}, "missing_lines": [], "excluded_lines": [8]}}, "classes": {"": {"executed_lines": [1, 2, 3, 4, 5, 8, 10, 11, 14, 15, 16, 17, 18, 19, 20, 21, 22, 23, 24, 25, 26, 27, 28, 31, 32, 33, 34, 35, 36, 37, 38, 39, 41, 42, 43, 44, 45, 46, 48, 49, 52, 56, 57, 58, 59, 62, 63], "summary": {"covered_lines": 46, "num_statements": 47, "percent_covered": 97.87234042553192, "percent_covered_display": "98", "missing_lines": 1, "excluded_lines": 1}, "missing_lines": [47], "excluded_lines": [8]}}}, "app/api/comment_routes.py": {"executed_lines": [1, 2, 5, 8, 9, 10, 13, 14, 16, 18, 19, 20, 21, 23, 24, 25, 27, 28, 29, 30, 33, 34, 38, 39, 41, 43, 46], "summary": {"covered_lines": 26, "num_statements": 31, "percent_covered": 83.87096774193549, "percent_covered_display": "84", "missing_lines": 5, "excluded_lines": 1}, "missing_lines": [36, 42, 48, 49, 50], "excluded_lines": [5], "functions": {"post_comment": {"executed_lines": [10, 13, 14, 16, 18, 19, 20, 21, 23, 24, 25, 27, 28, 29, 30, 33, 34, 38, 39, 41, 43, 46], "summary": {"covered_lines": 22, "num_statements": 27, "percent_covered": 81.48148148148148, "percent_covered_display": "81", "missing_lines": 5, "excluded_lines": 0}, "missing_lines": [36, 42, 48, 49, 50], "excluded_lines": []}, "": {"executed_lines": [1, 2, 5, 8, 9], "summary": {"covered_lines": 4, "num_statements": 4, "percent_covered": 100.0, "percent_covered_display": "100", "missing_lines": 0, "excluded_lines": 1}, "missing_lines": [], "excluded_lines": [5]}}, "classes": {"": {"executed_lines": [1, 2, 5, 8, 9, 10, 13, 14, 16, 18, 19, 20, 21, 23, 24, 25, 27, 28, 29, 30, 33, 34, 38, 39, 41, 43, 46], "summary": {"covered_lines": 26, "num_statements": 31, "percent_covered": 83.87096774193549, "percent_covered_display": "84", "missing_lines": 5, "excluded_lines": 1}, "missing_lines": [36, 42, 48, 49, 50], "excluded_lines": [5]}}}, "app/api/follow_routes.py": {"executed_lines": [1, 2, 3, 9, 12, 13, 14, 16, 17, 18, 19, 21, 22, 23, 25, 26, 27, 28, 30, 31, 32, 33, 34, 35, 36, 37, 38, 39, 41, 42, 43, 44, 45, 46, 47, 48, 49, 50], "summary": {"covered_lines": 37, "num_statements": 37, "percent_covered": 100.0, "percent_covered_display": "100", "missing_lines": 0, "excluded_lines": 1}, "missing_lines": [], "excluded_lines": [9], "functions": {"get_follows": {"executed_lines": [14, 16, 17, 18, 19], "summary": {"covered_lines": 5, "num_statements": 5, "percent_covered": 100.0, "percent_covered_display": "100", "missing_lines": 0, "excluded_lines": 0}, "missing_lines": [], "excluded_lines": []}, "get_following": {"executed_lines": [23, 25, 26, 27, 28], "summary": {"covered_lines": 5, "num_statements": 5, "percent_covered": 100.0, "percent_covered_display": "100", "missing_lines": 0, "excluded_lines": 0}, "missing_lines": [], "excluded_lines": []}, "follow_user": {"executed_lines": [32, 33, 34, 35, 36, 37, 38, 39], "summary": {"covered_lines": 8, "num_statements": 8, "percent_covered": 100.0, "percent_covered_display": "100", "missing_lines": 0, "excluded_lines": 0}, "missing_lines": [], "excluded_lines": []}, "delete_follow": {"executed_lines": [43, 44, 45, 46, 47, 48, 49, 50], "summary": {"covered_lines": 8, "num_statements": 8, "percent_covered": 100.0, "percent_covered_display": "100", "missing_lines": 0, "excluded_lines": 0}, "missing_lines": [], "excluded_lines": []}, "": {"executed_lines": [1, 2, 3, 9, 12, 13, 21, 22, 30, 31, 41, 42], "summary": {"covered_lines": 11, "num_statements": 11, "percent_covered": 100.0, "percent_covered_display": "100", "missing_lines": 0, "excluded_lines": 1}, "missing_lines": [], "excluded_lines": [9]}}, "classes": {"": {"executed_lines": [1, 2, 3, 9, 12, 13, 14, 16, 17, 18, 19, 21, 22, 23, 25, 26, 27, 28, 30, 31, 32, 33, 34, 35, 36, 37, 38, 39, 41, 42, 43, 44, 45, 46, 47, 48, 49, 50], "summary": {"covered_lines": 37, "num_statements": 37, "percent_covered": 100.0, "percent_covered_display": "100", "missing_lines": 0, "excluded_lines": 1}, "missing_lines": [], "excluded_lines": [9]}}}, "app/api/like_routes.py": {"executed_lines": [1, 2, 3, 6, 9, 10, 11, 12, 13, 14, 15, 18, 19, 20, 25, 26, 29, 32, 33, 34, 35, 36, 41, 42, 44, 49, 50, 51, 52, 55, 56, 57, 58, 60, 61, 64], "summary": {"covered_lines": 35, "num_statements": 36, "percent_covered": 97.22222222222223, "percent_covered_display": "97", "missing_lines": 1, "excluded_lines": 1}, "missing_lines": [27], "excluded_lines": [6], "functions": {"get_user_likes": {"executed_lines": [11, 12, 13, 14, 15], "summary": {"covered_lines": 5, "num_statements": 5, "percent_covered": 100.0, "percent_covered_display": "100", "missing_lines": 0, "excluded_lines": 0}, "missing_lines": [], "excluded_lines": []}, "get_likes": {"executed_lines": [20, 25, 26, 29], "summary": {"covered_lines": 4, "num_statements": 5, "percent_covered": 80.0, "percent_covered_display": "80", "missing_lines": 1, "excluded_lines": 0}, "missing_lines": [27], "excluded_lines": []}, "post_like": {"executed_lines": [34, 35, 36, 41, 42, 44, 49, 50, 51, 52], "summary": {"covered_lines": 10, "num_statements": 10, "percent_covered": 100.0, "percent_covered_display": "100", "missing_lines": 0, "excluded_lines": 0}, "missing_lines": [], "excluded_lines": []}, "delete_like": {"executed_lines": [57, 58, 60, 61, 64], "summary": {"covered_lines": 5, "num_statements": 5, "percent_covered": 100.0, "percent_covered_display": "100", "missing_lines": 0, "excluded_lines": 0}, "missing_lines": [], "excluded_lines": []}, "": {"executed_lines": [1, 2, 3, 6, 9, 10, 18, 19, 32, 33, 55, 56], "summary": {"covered_lines": 11, "num_statements": 11, "percent_covered": 100.0, "percent_covered_display": "100", "missing_lines": 0, "excluded_lines": 1}, "missing_lines": [], "excluded_lines": [6]}}, "classes": {"": {"executed_lines": [1, 2, 3, 6, 9, 10, 11, 12, 13, 14, 15, 18, 19, 20, 25, 26, 29, 32, 33, 34, 35, 36, 41, 42, 44, 49, 50, 51, 52, 55, 56, 57, 58, 60, 61, 64], "summary": {"covered_lines": 35, "num_statements": 36, "percent_covered": 97.22222222222223, "percent_covered_display": "97", "missing_lines": 1, "excluded_lines": 1}, "missing_lines": [27], "excluded_lines": [6]}}}, "app/api/note_routes.py": {"executed_lines": [1, 2, 3, 5, 8, 9, 10, 12, 13, 14, 16, 17, 18, 20, 22, 23, 24, 25, 26, 27, 30, 32, 33, 34, 35, 38, 39, 40, 41, 42, 44, 46, 47, 48, 49, 50, 51, 52, 53, 55, 57, 58, 60], "summary": {"covered_lines": 42, "num_statements": 43, "percent_covered": 97.67441860465117, "percent_covered_display": "98", "missing_lines": 1, "excluded_lines": 1}, "missing_lines": [36], "excluded_lines": [5], "functions": {"index": {"executed_lines": [10, 12, 13, 14, 16, 17, 18, 20, 22, 23, 24, 25, 26, 27, 30, 32, 33, 34, 35, 38, 39, 40, 41, 42, 44, 46, 47, 48, 49, 50, 51, 52, 53, 55, 57, 58, 60], "summary": {"covered_lines": 37, "num_statements": 38, "percent_covered": 97.36842105263158, "percent_covered_display": "97", "missing_lines": 1, "excluded_lines": 0}, "missing_lines": [36], "excluded_lines": []}, "": {"executed_lines": [1, 2, 3, 5, 8, 9], "summary": {"covered_lines": 5, "num_statements": 5, "percent_covered": 100.0, "percent_covered_display": "100", "missing_lines": 0, "excluded_lines": 1}, "missing_lines": [], "excluded_lines": [5]}}, "classes": {"": {"executed_lines": [1, 2, 3, 5, 8, 9, 10, 12, 13, 14, 16, 17, 18, 20, 22, 23, 24, 25, 26, 27, 30, 32, 33, 34, 35, 38, 39, 40, 41, 42, 44, 46, 47, 48, 49, 50, 51, 52, 53, 55, 57, 58, 60], "summary": {"covered_lines": 42, "num_statements": 43, "percent_covered": 97.67441860465117, "percent_covered_display": "98", "missing_lines": 1, "excluded_lines": 1}, "missing_lines": [36], "excluded_lines": [5]}}}, "app/api/post_routes.py": {"executed_lines": [1, 2, 3, 4, 5, 7, 8, 15, 21, 23, 24, 27, 28, 33, 35, 42, 43, 45, 48, 53, 57, 58, 59, 61, 63, 64, 65, 68, 69, 74, 76, 83, 84, 85, 88, 93, 97, 98, 99, 101, 103, 104, 105, 108, 109, 110, 114, 116, 119, 125, 126, 129, 134, 135, 136, 138, 143, 144, 145, 146, 147, 148, 151, 152, 153, 157, 159, 160, 161, 164, 168, 171, 172, 175, 176, 181, 182, 183, 184, 185, 186, 189, 190, 191, 195, 197, 198, 199, 202, 206, 207, 209, 211, 212, 213, 214, 217, 218, 219, 220, 221, 222, 223, 224, 225, 226, 234, 235, 236, 237, 239, 245, 246, 247, 249, 251, 253, 255, 256, 257, 258, 260, 261, 262, 264, 267, 268, 270, 272, 273, 275, 277, 278, 279, 281, 282, 283, 284, 286, 288, 292, 293, 294, 295, 297], "summary": {"covered_lines": 144, "num_statements": 147, "percent_covered": 97.95918367346938, "percent_covered_display": "98", "missing_lines": 3, "excluded_lines": 1}, "missing_lines": [165, 203, 263], "excluded_lines": [24], "functions": {"index": {"executed_lines": [33, 35, 42, 43, 45, 48, 53, 57, 58, 59, 61, 63, 64, 65], "summary": {"covered_lines": 14, "num_statements": 14, "percent_covered": 100.0, "percent_covered_display": "100", "missing_lines": 0, "excluded_lines": 0}, "missing_lines": [], "excluded_lines": []}, "explore": {"executed_lines": [74, 76, 83, 84, 85, 88, 93, 97, 98, 99, 101, 103, 104, 105], "summary": {"covered_lines": 14, "num_statements": 14, "percent_covered": 100.0, "percent_covered_display": "100", "missing_lines": 0, "excluded_lines": 0}, "missing_lines": [], "excluded_lines": []}, "create_post": {"executed_lines": [114, 116, 119, 125, 126, 129, 134, 135, 136, 138, 143, 144, 145, 146, 147, 148], "summary": {"covered_lines": 16, "num_statements": 16, "percent_covered": 100.0, "percent_covered_display": "100", "missing_lines": 0, "excluded_lines": 0}, "missing_lines": [], "excluded_lines": []}, "update_post": {"executed_lines": [157, 159, 160, 161, 164, 168, 171, 172, 175, 176, 181, 182, 183, 184, 185, 186], "summary": {"covered_lines": 16, "num_statements": 17, "percent_covered": 94.11764705882354, "percent_covered_display": "94", "missing_lines": 1, "excluded_lines": 0}, "missing_lines": [165], "excluded_lines": []}, "delete_post": {"executed_lines": [195, 197, 198, 199, 202, 206, 207, 209, 211, 212, 213, 214], "summary": {"covered_lines": 12, "num_statements": 13, "percent_covered": 92.3076923076923, "percent_covered_display": "92", "missing_lines": 1, "excluded_lines": 0}, "missing_lines": [203], "excluded_lines": []}, "home_feed": {"executed_lines": [219, 220, 221, 222, 223, 224, 225, 226, 234, 235, 236, 237, 239, 245, 246, 247, 249, 251, 253, 255, 256, 257, 258, 260, 261, 262, 264], "summary": {"covered_lines": 27, "num_statements": 28, "percent_covered": 96.42857142857143, "percent_covered_display": "96", "missing_lines": 1, "excluded_lines": 0}, "missing_lines": [263], "excluded_lines": []}, "get_post": {"executed_lines": [270, 272, 273, 275, 277, 278, 279, 281, 282, 283, 284, 286, 288, 292, 293, 294, 295, 297], "summary": {"covered_lines": 18, "num_statements": 18, "percent_covered": 100.0, "percent_covered_display": "100", "missing_lines": 0, "excluded_lines": 0}, "missing_lines": [], "excluded_lines": []}, "": {"executed_lines": [1, 2, 3, 4, 5, 7, 8, 15, 21, 23, 24, 27, 28, 68, 69, 108, 109, 110, 151, 152, 153, 189, 190, 191, 217, 218, 267, 268], "summary": {"covered_lines": 27, "num_statements": 27, "percent_covered": 100.0, "percent_covered_display": "100", "missing_lines": 0, "excluded_lines": 1}, "missing_lines": [], "excluded_lines": [24]}}, "classes": {"": {"executed_lines": [1, 2, 3, 4, 5, 7, 8, 15, 21, 23, 24, 27, 28, 33, 35, 42, 43, 45, 48, 53, 57, 58, 59, 61, 63, 64, 65, 68, 69, 74, 76, 83, 84, 85, 88, 93, 97, 98, 99, 101, 103, 104, 105, 108, 109, 110, 114, 116, 119, 125, 126, 129, 134, 135, 136, 138, 143, 144, 145, 146, 147, 148, 151, 152, 153, 157, 159, 160, 161, 164, 168, 171, 172, 175, 176, 181, 182, 183, 184, 185, 186, 189, 190, 191, 195, 197, 198, 199, 202, 206, 207, 209, 211, 212, 213, 214, 217, 218, 219, 220, 221, 222, 223, 224, 225, 226, 234, 235, 236, 237, 239, 245, 246, 247, 249, 251, 253, 255, 256, 257, 258, 260, 261, 262, 264, 267, 268, 270, 272, 273, 275, 277, 278, 279, 281, 282, 283, 284, 286, 288, 292, 293, 294, 295, 297], "summary": {"covered_lines": 144, "num_statements": 147, "percent_covered": 97.95918367346938, "percent_covered_display": "98", "missing_lines": 3, "excluded_lines": 1}, "missing_lines": [165, 203, 263], "excluded_lines": [24]}}}, "app/api/profile_routes.py": {"executed_lines": [1, 2, 3, 5, 8, 9, 11, 12, 14, 15, 16, 17, 18, 20, 21, 23, 24, 25, 26, 27, 28, 29, 31, 32, 34, 35, 37, 38, 40, 41, 42, 43, 44, 45, 46, 47], "summary": {"covered_lines": 35, "num_statements": 35, "percent_covered": 100.0, "percent_covered_display": "100", "missing_lines": 0, "excluded_lines": 1}, "missing_lines": [], "excluded_lines": [5], "functions": {"index": {"executed_lines": [11, 12, 14, 15, 16, 17, 18, 20, 21, 23, 24, 25, 26, 27, 28, 29, 31, 32, 34, 35, 37, 38, 40, 41, 42, 43, 44, 45, 46, 47], "summary": {"covered_lines": 30, "num_statements": 30, "percent_covered": 100.0, "percent_covered_display": "100", "missing_lines": 0, "excluded_lines": 0}, "missing_lines": [], "excluded_lines": []}, "": {"executed_lines": [1, 2, 3, 5, 8, 9], "summary": {"covered_lines": 5, "num_statements": 5, "percent_covered": 100.0, "percent_covered_display": "100", "missing_lines": 0, "excluded_lines": 1}, "missing_lines": [], "excluded_lines": [5]}}, "classes": {"": {"executed_lines": [1, 2, 3, 5, 8, 9, 11, 12, 14, 15, 16, 17, 18, 20, 21, 23, 24, 25, 26, 27, 28, 29, 31, 32, 34, 35, 37, 38, 40, 41, 42, 43, 44, 45, 46, 47], "summary": {"covered_lines": 35, "num_statements": 35, "percent_covered": 100.0, "percent_covered_display": "100", "missing_lines": 0, "excluded_lines": 1}, "missing_lines": [], "excluded_lines": [5]}}}, "app/api/search_routes.py": {"executed_lines": [1, 2, 5, 8, 9, 10, 13, 16, 18, 19, 20, 22], "summary": {"covered_lines": 11, "num_statements": 11, "percent_covered": 100.0, "percent_covered_display": "100", "missing_lines": 0, "excluded_lines": 1}, "missing_lines": [], "excluded_lines": [5], "functions": {"query": {"executed_lines": [10, 13, 16, 18, 19, 20, 22], "summary": {"covered_lines": 7, "num_statements": 7, "percent_covered": 100.0, "percent_covered_display": "100", "missing_lines": 0, "excluded_lines": 0}, "missing_lines": [], "excluded_lines": []}, "": {"executed_lines": [1, 2, 5, 8, 9], "summary": {"covered_lines": 4, "num_statements": 4, "percent_covered": 100.0, "percent_covered_display": "100", "missing_lines": 0, "excluded_lines": 1}, "missing_lines": [], "excluded_lines": [5]}}, "classes": {"": {"executed_lines": [1, 2, 5, 8, 9, 10, 13, 16, 18, 19, 20, 22], "summary": {"covered_lines": 11, "num_statements": 11, "percent_covered": 100.0, "percent_covered_display": "100", "missing_lines": 0, "excluded_lines": 1}, "missing_lines": [], "excluded_lines": [5]}}}, "app/api/user_routes.py": {"executed_lines": [1, 2, 4, 6, 8, 9, 13, 14, 15, 17, 19, 20, 21, 22, 23, 25, 26, 27, 29, 30, 31, 32, 33, 34, 35, 36, 37, 38, 39, 40, 41, 42, 45, 46, 50, 52, 53, 56, 57, 58, 60, 61, 63, 64, 66], "summary": {"covered_lines": 44, "num_statements": 44, "percent_covered": 100.0, "percent_covered_display": "100", "missing_lines": 0, "excluded_lines": 1}, "missing_lines": [], "excluded_lines": [6], "functions": {"lookup_user": {"executed_lines": [13, 14, 15, 17], "summary": {"covered_lines": 4, "num_statements": 4, "percent_covered": 100.0, "percent_covered_display": "100", "missing_lines": 0, "excluded_lines": 0}, "missing_lines": [], "excluded_lines": []}, "update_user": {"executed_lines": [21, 22, 23, 25, 26, 27, 29, 30, 31, 32, 33, 34, 35, 36, 37, 38, 39, 40, 41, 42, 45, 46, 50, 52, 53], "summary": {"covered_lines": 25, "num_statements": 25, "percent_covered": 100.0, "percent_covered_display": "100", "missing_lines": 0, "excluded_lines": 0}, "missing_lines": [], "excluded_lines": []}, "reset_img": {"executed_lines": [58, 60, 61, 63, 64, 66], "summary": {"covered_lines": 6, "num_statements": 6, "percent_covered": 100.0, "percent_covered_display": "100", "missing_lines": 0, "excluded_lines": 0}, "missing_lines": [], "excluded_lines": []}, "": {"executed_lines": [1, 2, 4, 6, 8, 9, 19, 20, 56, 57], "summary": {"covered_lines": 9, "num_statements": 9, "percent_covered": 100.0, "percent_covered_display": "100", "missing_lines": 0, "excluded_lines": 1}, "missing_lines": [], "excluded_lines": [6]}}, "classes": {"": {"executed_lines": [1, 2, 4, 6, 8, 9, 13, 14, 15, 17, 19, 20, 21, 22, 23, 25, 26, 27, 29, 30, 31, 32, 33, 34, 35, 36, 37, 38, 39, 40, 41, 42, 45, 46, 50, 52, 53, 56, 57, 58, 60, 61, 63, 64, 66], "summary": {"covered_lines": 44, "num_statements": 44, "percent_covered": 100.0, "percent_covered_display": "100", "missing_lines": 0, "excluded_lines": 1}, "missing_lines": [], "excluded_lines": [6]}}}, "app/cli.py": {"executed_lines": [1, 4, 5, 6, 7, 8, 9, 10, 11, 14, 15, 20, 21, 22, 127, 128, 129, 197, 198, 199, 255, 256, 257, 290, 291, 292, 315, 317], "summary": {"covered_lines": 27, "num_statements": 164, "percent_covered": 16.463414634146343, "percent_covered_display": "16", "missing_lines": 137, "excluded_lines": 0}, "missing_lines": [17, 24, 25, 28, 30, 31, 32, 33, 34, 35, 36, 39, 41, 43, 44, 45, 48, 49, 51, 53, 54, 57, 58, 64, 65, 66, 67, 68, 71, 73, 75, 78, 86, 87, 88, 90, 91, 92, 94, 95, 96, 99, 101, 102, 104, 105, 108, 112, 113, 114, 116, 118, 119, 121, 122, 123, 124, 131, 132, 135, 138, 140, 141, 142, 143, 145, 146, 147, 150, 151, 152, 153, 155, 156, 157, 159, 162, 163, 176, 177, 178, 180, 182, 185, 193, 194, 201, 202, 205, 207, 215, 219, 220, 221, 224, 226, 227, 233, 234, 235, 236, 238, 241, 243, 244, 248, 249, 250, 252, 259, 260, 262, 264, 265, 266, 269, 270, 272, 274, 275, 278, 279, 285, 286, 287, 294, 295, 297, 299, 300, 303, 305, 306, 307, 309, 311, 312], "excluded_lines": [], "functions": {"database": {"executed_lines": [], "summary": {"covered_lines": 0, "num_statements": 1, "percent_covered": 0.0, "percent_covered_display": "0", "missing_lines": 1, "excluded_lines": 0}, "missing_lines": [17], "excluded_lines": []}, "init": {"executed_lines": [], "summary": {"covered_lines": 0, "num_statements": 56, "percent_covered": 0.0, "percent_covered_display": "0", "missing_lines": 56, "excluded_lines": 0}, "missing_lines": [24, 25, 28, 30, 31, 32, 33, 34, 35, 36, 39, 41, 43, 44, 45, 48, 49, 51, 53, 54, 57, 58, 64, 65, 66, 67, 68, 71, 73, 75, 78, 86, 87, 88, 90, 91, 92, 94, 95, 96, 99, 101, 102, 104, 105, 108, 112, 113, 114, 116, 118, 119, 121, 122, 123, 124], "excluded_lines": []}, "analyze": {"executed_lines": [], "summary": {"covered_lines": 0, "num_statements": 29, "percent_covered": 0.0, "percent_covered_display": "0", "missing_lines": 29, "excluded_lines": 0}, "missing_lines": [131, 132, 135, 138, 140, 141, 142, 143, 145, 146, 147, 150, 151, 152, 153, 155, 156, 157, 159, 162, 163, 176, 177, 178, 180, 182, 185, 193, 194], "excluded_lines": []}, "test_n1": {"executed_lines": [], "summary": {"covered_lines": 0, "num_statements": 23, "percent_covered": 0.0, "percent_covered_display": "0", "missing_lines": 23, "excluded_lines": 0}, "missing_lines": [201, 202, 205, 207, 215, 219, 220, 221, 224, 226, 227, 233, 234, 235, 236, 238, 241, 243, 244, 248, 249, 250, 252], "excluded_lines": []}, "seed": {"executed_lines": [], "summary": {"covered_lines": 0, "num_statements": 16, "percent_covered": 0.0, "percent_covered_display": "0", "missing_lines": 16, "excluded_lines": 0}, "missing_lines": [259, 260, 262, 264, 265, 266, 269, 270, 272, 274, 275, 278, 279, 285, 286, 287], "excluded_lines": []}, "health": {"executed_lines": [], "summary": {"covered_lines": 0, "num_statements": 12, "percent_covered": 0.0, "percent_covered_display": "0", "missing_lines": 12, "excluded_lines": 0}, "missing_lines": [294, 295, 297, 299, 300, 303, 305, 306, 307, 309, 311, 312], "excluded_lines": []}, "init_app": {"executed_lines": [317], "summary": {"covered_lines": 1, "num_statements": 1, "percent_covered": 100.0, "percent_covered_display": "100", "missing_lines": 0, "excluded_lines": 0}, "missing_lines": [], "excluded_lines": []}, "": {"executed_lines": [1, 4, 5, 6, 7, 8, 9, 10, 11, 14, 15, 20, 21, 22, 127, 128, 129, 197, 198, 199, 255, 256, 257, 290, 291, 292, 315], "summary": {"covered_lines": 26, "num_statements": 26, "percent_covered": 100.0, "percent_covered_display": "100", "missing_lines": 0, "excluded_lines": 0}, "missing_lines": [], "excluded_lines": []}}, "classes": {"": {"executed_lines": [1, 4, 5, 6, 7, 8, 9, 10, 11, 14, 15, 20, 21, 22, 127, 128, 129, 197, 198, 199, 255, 256, 257, 290, 291, 292, 315, 317], "summary": {"covered_lines": 27, "num_statements": 164, "percent_covered": 16.463414634146343, "percent_covered_display": "16", "missing_lines": 137, "excluded_lines": 0}, "missing_lines": [17, 24, 25, 28, 30, 31, 32, 33, 34, 35, 36, 39, 41, 43, 44, 45, 48, 49, 51, 53, 54, 57, 58, 64, 65, 66, 67, 68, 71, 73, 75, 78, 86, 87, 88, 90, 91, 92, 94, 95, 96, 99, 101, 102, 104, 105, 108, 112, 113, 114, 116, 118, 119, 121, 122, 123, 124, 131, 132, 135, 138, 140, 141, 142, 143, 145, 146, 147, 150, 151, 152, 153, 155, 156, 157, 159, 162, 163, 176, 177, 178, 180, 182, 185, 193, 194, 201, 202, 205, 207, 215, 219, 220, 221, 224, 226, 227, 233, 234, 235, 236, 238, 241, 243, 244, 248, 249, 250, 252, 259, 260, 262, 264, 265, 266, 269, 270, 272, 274, 275, 278, 279, 285, 286, 287, 294, 295, 297, 299, 300, 303, 305, 306, 307, 309, 311, 312], "excluded_lines": []}}}, "app/config.py": {"executed_lines": [], "summary": {"covered_lines": 0, "num_statements": 11, "percent_covered": 0.0, "percent_covered_display": "0", "missing_lines": 11, "excluded_lines": 0}, "missing_lines": [1, 3, 4, 6, 7, 8, 9, 12, 14, 15, 16], "excluded_lines": [], "functions": {"": {"executed_lines": [], "summary": {"covered_lines": 0, "num_statements": 11, "percent_covered": 0.0, "percent_covered_display": "0", "missing_lines": 11, "excluded_lines": 0}, "missing_lines": [1, 3, 4, 6, 7, 8, 9, 12, 14, 15, 16], "excluded_lines": []}}, "classes": {"Config": {"executed_lines": [], "summary": {"covered_lines": 0, "num_statements": 0, "percent_covered": 100.0, "percent_covered_display": "100", "missing_lines": 0, "excluded_lines": 0}, "missing_lines": [], "excluded_lines": []}, "": {"executed_lines": [], "summary": {"covered_lines": 0, "num_statements": 11, "percent_covered": 0.0, "percent_covered_display": "0", "missing_lines": 11, "excluded_lines": 0}, "missing_lines": [1, 3, 4, 6, 7, 8, 9, 12, 14, 15, 16], "excluded_lines": []}}}, "app/config/__init__.py": {"executed_lines": [1, 2, 5, 6, 8, 10, 13, 15, 16, 17, 18, 21, 23], "summary": {"covered_lines": 12, "num_statements": 14, "percent_covered": 85.71428571428571, "percent_covered_display": "86", "missing_lines": 2, "excluded_lines": 0}, "missing_lines": [9, 11], "excluded_lines": [], "functions": {"": {"executed_lines": [1, 2, 5, 6, 8, 10, 13, 15, 16, 17, 18, 21, 23], "summary": {"covered_lines": 12, "num_statements": 14, "percent_covered": 85.71428571428571, "percent_covered_display": "86", "missing_lines": 2, "excluded_lines": 0}, "missing_lines": [9, 11], "excluded_lines": []}}, "classes": {"Config": {"executed_lines": [], "summary": {"covered_lines": 0, "num_statements": 0, "percent_covered": 100.0, "percent_covered_display": "100", "missing_lines": 0, "excluded_lines": 0}, "missing_lines": [], "excluded_lines": []}, "": {"executed_lines": [1, 2, 5, 6, 8, 10, 13, 15, 16, 17, 18, 21, 23], "summary": {"covered_lines": 12, "num_statements": 14, "percent_covered": 85.71428571428571, "percent_covered_display": "86", "missing_lines": 2, "excluded_lines": 0}, "missing_lines": [9, 11], "excluded_lines": []}}}, "app/config/production.py": {"executed_lines": [1, 8, 9, 10, 13, 14, 17, 32, 60, 61, 62, 65, 92, 93, 101, 112, 120, 121, 124, 125, 126, 129, 130, 131, 134, 135, 138, 147, 154], "summary": {"covered_lines": 26, "num_statements": 26, "percent_covered": 100.0, "percent_covered_display": "100", "missing_lines": 0, "excluded_lines": 0}, "missing_lines": [], "excluded_lines": [], "functions": {"": {"executed_lines": [1, 8, 9, 10, 13, 14, 17, 32, 60, 61, 62, 65, 92, 93, 101, 112, 120, 121, 124, 125, 126, 129, 130, 131, 134, 135, 138, 147, 154], "summary": {"covered_lines": 26, "num_statements": 26, "percent_covered": 100.0, "percent_covered_display": "100", "missing_lines": 0, "excluded_lines": 0}, "missing_lines": [], "excluded_lines": []}}, "classes": {"ProductionConfig": {"executed_lines": [], "summary": {"covered_lines": 0, "num_statements": 0, "percent_covered": 100.0, "percent_covered_display": "100", "missing_lines": 0, "excluded_lines": 0}, "missing_lines": [], "excluded_lines": []}, "DevelopmentConfig": {"executed_lines": [], "summary": {"covered_lines": 0, "num_statements": 0, "percent_covered": 100.0, "percent_covered_display": "100", "missing_lines": 0, "excluded_lines": 0}, "missing_lines": [], "excluded_lines": []}, "": {"executed_lines": [1, 8, 9, 10, 13, 14, 17, 32, 60, 61, 62, 65, 92, 93, 101, 112, 120, 121, 124, 125, 126, 129, 130, 131, 134, 135, 138, 147, 154], "summary": {"covered_lines": 26, "num_statements": 26, "percent_covered": 100.0, "percent_covered_display": "100", "missing_lines": 0, "excluded_lines": 0}, "missing_lines": [], "excluded_lines": []}}}, "app/forms/__init__.py": {"executed_lines": [], "summary": {"covered_lines": 0, "num_statements": 2, "percent_covered": 0.0, "percent_covered_display": "0", "missing_lines": 2, "excluded_lines": 0}, "missing_lines": [1, 2], "excluded_lines": [], "functions": {"": {"executed_lines": [], "summary": {"covered_lines": 0, "num_statements": 2, "percent_covered": 0.0, "percent_covered_display": "0", "missing_lines": 2, "excluded_lines": 0}, "missing_lines": [1, 2], "excluded_lines": []}}, "classes": {"": {"executed_lines": [], "summary": {"covered_lines": 0, "num_statements": 2, "percent_covered": 0.0, "percent_covered_display": "0", "missing_lines": 2, "excluded_lines": 0}, "missing_lines": [1, 2], "excluded_lines": []}}}, "app/forms/login_form.py": {"executed_lines": [], "summary": {"covered_lines": 0, "num_statements": 20, "percent_covered": 0.0, "percent_covered_display": "0", "missing_lines": 20, "excluded_lines": 0}, "missing_lines": [1, 2, 3, 4, 7, 9, 10, 11, 12, 15, 17, 18, 19, 20, 21, 22, 23, 26, 27, 28], "excluded_lines": [], "functions": {"user_exists": {"executed_lines": [], "summary": {"covered_lines": 0, "num_statements": 4, "percent_covered": 0.0, "percent_covered_display": "0", "missing_lines": 4, "excluded_lines": 0}, "missing_lines": [9, 10, 11, 12], "excluded_lines": []}, "password_matches": {"executed_lines": [], "summary": {"covered_lines": 0, "num_statements": 7, "percent_covered": 0.0, "percent_covered_display": "0", "missing_lines": 7, "excluded_lines": 0}, "missing_lines": [17, 18, 19, 20, 21, 22, 23], "excluded_lines": []}, "": {"executed_lines": [], "summary": {"covered_lines": 0, "num_statements": 9, "percent_covered": 0.0, "percent_covered_display": "0", "missing_lines": 9, "excluded_lines": 0}, "missing_lines": [1, 2, 3, 4, 7, 15, 26, 27, 28], "excluded_lines": []}}, "classes": {"LoginForm": {"executed_lines": [], "summary": {"covered_lines": 0, "num_statements": 0, "percent_covered": 100.0, "percent_covered_display": "100", "missing_lines": 0, "excluded_lines": 0}, "missing_lines": [], "excluded_lines": []}, "": {"executed_lines": [], "summary": {"covered_lines": 0, "num_statements": 20, "percent_covered": 0.0, "percent_covered_display": "0", "missing_lines": 20, "excluded_lines": 0}, "missing_lines": [1, 2, 3, 4, 7, 9, 10, 11, 12, 15, 17, 18, 19, 20, 21, 22, 23, 26, 27, 28], "excluded_lines": []}}}, "app/forms/signup_form.py": {"executed_lines": [], "summary": {"covered_lines": 0, "num_statements": 26, "percent_covered": 0.0, "percent_covered_display": "0", "missing_lines": 26, "excluded_lines": 0}, "missing_lines": [1, 2, 3, 4, 5, 8, 10, 11, 12, 13, 16, 18, 19, 20, 21, 22, 23, 24, 25, 26, 29, 30, 31, 32, 33, 41], "excluded_lines": [], "functions": {"username_exists": {"executed_lines": [], "summary": {"covered_lines": 0, "num_statements": 4, "percent_covered": 0.0, "percent_covered_display": "0", "missing_lines": 4, "excluded_lines": 0}, "missing_lines": [10, 11, 12, 13], "excluded_lines": []}, "password_validation": {"executed_lines": [], "summary": {"covered_lines": 0, "num_statements": 9, "percent_covered": 0.0, "percent_covered_display": "0", "missing_lines": 9, "excluded_lines": 0}, "missing_lines": [18, 19, 20, 21, 22, 23, 24, 25, 26], "excluded_lines": []}, "": {"executed_lines": [], "summary": {"covered_lines": 0, "num_statements": 13, "percent_covered": 0.0, "percent_covered_display": "0", "missing_lines": 13, "excluded_lines": 0}, "missing_lines": [1, 2, 3, 4, 5, 8, 16, 29, 30, 31, 32, 33, 41], "excluded_lines": []}}, "classes": {"SignUpForm": {"executed_lines": [], "summary": {"covered_lines": 0, "num_statements": 0, "percent_covered": 100.0, "percent_covered_display": "100", "missing_lines": 0, "excluded_lines": 0}, "missing_lines": [], "excluded_lines": []}, "": {"executed_lines": [], "summary": {"covered_lines": 0, "num_statements": 26, "percent_covered": 0.0, "percent_covered_display": "0", "missing_lines": 26, "excluded_lines": 0}, "missing_lines": [1, 2, 3, 4, 5, 8, 10, 11, 12, 13, 16, 18, 19, 20, 21, 22, 23, 24, 25, 26, 29, 30, 31, 32, 33, 41], "excluded_lines": []}}}, "app/models/__init__.py": {"executed_lines": [1, 3, 5, 6, 7, 8, 9], "summary": {"covered_lines": 7, "num_statements": 7, "percent_covered": 100.0, "percent_covered_display": "100", "missing_lines": 0, "excluded_lines": 0}, "missing_lines": [], "excluded_lines": [], "functions": {"": {"executed_lines": [1, 3, 5, 6, 7, 8, 9], "summary": {"covered_lines": 7, "num_statements": 7, "percent_covered": 100.0, "percent_covered_display": "100", "missing_lines": 0, "excluded_lines": 0}, "missing_lines": [], "excluded_lines": []}}, "classes": {"": {"executed_lines": [1, 3, 5, 6, 7, 8, 9], "summary": {"covered_lines": 7, "num_statements": 7, "percent_covered": 100.0, "percent_covered_display": "100", "missing_lines": 0, "excluded_lines": 0}, "missing_lines": [], "excluded_lines": []}}}, "app/models/comment.py": {"executed_lines": [1, 2, 3, 5, 6, 7, 9, 13, 14, 17, 18, 24, 30, 31, 36, 44, 45, 48, 52, 54, 62], "summary": {"covered_lines": 21, "num_statements": 27, "percent_covered": 77.77777777777777, "percent_covered_display": "78", "missing_lines": 6, "excluded_lines": 0}, "missing_lines": [10, 11, 64, 65, 66, 67], "excluded_lines": [], "functions": {"Comment.to_dict": {"executed_lines": [54], "summary": {"covered_lines": 1, "num_statements": 1, "percent_covered": 100.0, "percent_covered_display": "100", "missing_lines": 0, "excluded_lines": 0}, "missing_lines": [], "excluded_lines": []}, "Comment.to_dict_with_user": {"executed_lines": [], "summary": {"covered_lines": 0, "num_statements": 4, "percent_covered": 0.0, "percent_covered_display": "0", "missing_lines": 4, "excluded_lines": 0}, "missing_lines": [64, 65, 66, 67], "excluded_lines": []}, "": {"executed_lines": [1, 2, 3, 5, 6, 7, 9, 13, 14, 17, 18, 24, 30, 31, 36, 44, 45, 48, 52, 62], "summary": {"covered_lines": 20, "num_statements": 22, "percent_covered": 90.9090909090909, "percent_covered_display": "91", "missing_lines": 2, "excluded_lines": 0}, "missing_lines": [10, 11], "excluded_lines": []}}, "classes": {"Comment": {"executed_lines": [54], "summary": {"covered_lines": 1, "num_statements": 5, "percent_covered": 20.0, "percent_covered_display": "20", "missing_lines": 4, "excluded_lines": 0}, "missing_lines": [64, 65, 66, 67], "excluded_lines": []}, "": {"executed_lines": [1, 2, 3, 5, 6, 7, 9, 13, 14, 17, 18, 24, 30, 31, 36, 44, 45, 48, 52, 62], "summary": {"covered_lines": 20, "num_statements": 22, "percent_covered": 90.9090909090909, "percent_covered_display": "91", "missing_lines": 2, "excluded_lines": 0}, "missing_lines": [10, 11], "excluded_lines": []}}}, "app/models/follow.py": {"executed_lines": [1, 2, 3, 5, 6, 7, 9, 12, 13, 16, 17, 23, 28, 33, 41, 44, 49, 51, 58, 59, 66, 67, 71, 72], "summary": {"covered_lines": 24, "num_statements": 28, "percent_covered": 85.71428571428571, "percent_covered_display": "86", "missing_lines": 4, "excluded_lines": 0}, "missing_lines": [10, 61, 69, 74], "excluded_lines": [], "functions": {"Follow.to_dict": {"executed_lines": [51], "summary": {"covered_lines": 1, "num_statements": 1, "percent_covered": 100.0, "percent_covered_display": "100", "missing_lines": 0, "excluded_lines": 0}, "missing_lines": [], "excluded_lines": []}, "Follow.is_following": {"executed_lines": [], "summary": {"covered_lines": 0, "num_statements": 1, "percent_covered": 0.0, "percent_covered_display": "0", "missing_lines": 1, "excluded_lines": 0}, "missing_lines": [61], "excluded_lines": []}, "Follow.get_followers_count": {"executed_lines": [], "summary": {"covered_lines": 0, "num_statements": 1, "percent_covered": 0.0, "percent_covered_display": "0", "missing_lines": 1, "excluded_lines": 0}, "missing_lines": [69], "excluded_lines": []}, "Follow.get_following_count": {"executed_lines": [], "summary": {"covered_lines": 0, "num_statements": 1, "percent_covered": 0.0, "percent_covered_display": "0", "missing_lines": 1, "excluded_lines": 0}, "missing_lines": [74], "excluded_lines": []}, "": {"executed_lines": [1, 2, 3, 5, 6, 7, 9, 12, 13, 16, 17, 23, 28, 33, 41, 44, 49, 58, 59, 66, 67, 71, 72], "summary": {"covered_lines": 23, "num_statements": 24, "percent_covered": 95.83333333333333, "percent_covered_display": "96", "missing_lines": 1, "excluded_lines": 0}, "missing_lines": [10], "excluded_lines": []}}, "classes": {"Follow": {"executed_lines": [51], "summary": {"covered_lines": 1, "num_statements": 4, "percent_covered": 25.0, "percent_covered_display": "25", "missing_lines": 3, "excluded_lines": 0}, "missing_lines": [61, 69, 74], "excluded_lines": []}, "": {"executed_lines": [1, 2, 3, 5, 6, 7, 9, 12, 13, 16, 17, 23, 28, 33, 41, 44, 49, 58, 59, 66, 67, 71, 72], "summary": {"covered_lines": 23, "num_statements": 24, "percent_covered": 95.83333333333333, "percent_covered_display": "96", "missing_lines": 1, "excluded_lines": 0}, "missing_lines": [10], "excluded_lines": []}}}, "app/models/like.py": {"executed_lines": [1, 2, 3, 5, 6, 7, 9, 13, 15, 16, 19, 20, 26, 27, 28, 33, 41, 44, 50, 52, 60, 61, 68, 69, 76, 77, 85, 86], "summary": {"covered_lines": 28, "num_statements": 33, "percent_covered": 84.84848484848484, "percent_covered_display": "85", "missing_lines": 5, "excluded_lines": 0}, "missing_lines": [10, 63, 71, 79, 88], "excluded_lines": [], "functions": {"Like.to_dict": {"executed_lines": [52], "summary": {"covered_lines": 1, "num_statements": 1, "percent_covered": 100.0, "percent_covered_display": "100", "missing_lines": 0, "excluded_lines": 0}, "missing_lines": [], "excluded_lines": []}, "Like.get_likes_for_post": {"executed_lines": [], "summary": {"covered_lines": 0, "num_statements": 1, "percent_covered": 0.0, "percent_covered_display": "0", "missing_lines": 1, "excluded_lines": 0}, "missing_lines": [63], "excluded_lines": []}, "Like.get_likes_for_comment": {"executed_lines": [], "summary": {"covered_lines": 0, "num_statements": 1, "percent_covered": 0.0, "percent_covered_display": "0", "missing_lines": 1, "excluded_lines": 0}, "missing_lines": [71], "excluded_lines": []}, "Like.user_liked_post": {"executed_lines": [], "summary": {"covered_lines": 0, "num_statements": 1, "percent_covered": 0.0, "percent_covered_display": "0", "missing_lines": 1, "excluded_lines": 0}, "missing_lines": [79], "excluded_lines": []}, "Like.user_liked_comment": {"executed_lines": [], "summary": {"covered_lines": 0, "num_statements": 1, "percent_covered": 0.0, "percent_covered_display": "0", "missing_lines": 1, "excluded_lines": 0}, "missing_lines": [88], "excluded_lines": []}, "": {"executed_lines": [1, 2, 3, 5, 6, 7, 9, 13, 15, 16, 19, 20, 26, 27, 28, 33, 41, 44, 50, 60, 61, 68, 69, 76, 77, 85, 86], "summary": {"covered_lines": 27, "num_statements": 28, "percent_covered": 96.42857142857143, "percent_covered_display": "96", "missing_lines": 1, "excluded_lines": 0}, "missing_lines": [10], "excluded_lines": []}}, "classes": {"Like": {"executed_lines": [52], "summary": {"covered_lines": 1, "num_statements": 5, "percent_covered": 20.0, "percent_covered_display": "20", "missing_lines": 4, "excluded_lines": 0}, "missing_lines": [63, 71, 79, 88], "excluded_lines": []}, "": {"executed_lines": [1, 2, 3, 5, 6, 7, 9, 13, 15, 16, 19, 20, 26, 27, 28, 33, 41, 44, 50, 60, 61, 68, 69, 76, 77, 85, 86], "summary": {"covered_lines": 27, "num_statements": 28, "percent_covered": 96.42857142857143, "percent_covered_display": "96", "missing_lines": 1, "excluded_lines": 0}, "missing_lines": [10], "excluded_lines": []}}}, "app/models/post.py": {"executed_lines": [1, 2, 3, 5, 6, 7, 9, 13, 14, 17, 18, 24, 25, 26, 32, 40, 41, 48, 50, 59, 61, 62, 63, 64], "summary": {"covered_lines": 24, "num_statements": 26, "percent_covered": 92.3076923076923, "percent_covered_display": "92", "missing_lines": 2, "excluded_lines": 0}, "missing_lines": [10, 11], "excluded_lines": [], "functions": {"Post.to_dict": {"executed_lines": [50], "summary": {"covered_lines": 1, "num_statements": 1, "percent_covered": 100.0, "percent_covered_display": "100", "missing_lines": 0, "excluded_lines": 0}, "missing_lines": [], "excluded_lines": []}, "Post.to_dict_with_user": {"executed_lines": [61, 62, 63, 64], "summary": {"covered_lines": 4, "num_statements": 4, "percent_covered": 100.0, "percent_covered_display": "100", "missing_lines": 0, "excluded_lines": 0}, "missing_lines": [], "excluded_lines": []}, "": {"executed_lines": [1, 2, 3, 5, 6, 7, 9, 13, 14, 17, 18, 24, 25, 26, 32, 40, 41, 48, 59], "summary": {"covered_lines": 19, "num_statements": 21, "percent_covered": 90.47619047619048, "percent_covered_display": "90", "missing_lines": 2, "excluded_lines": 0}, "missing_lines": [10, 11], "excluded_lines": []}}, "classes": {"Post": {"executed_lines": [50, 61, 62, 63, 64], "summary": {"covered_lines": 5, "num_statements": 5, "percent_covered": 100.0, "percent_covered_display": "100", "missing_lines": 0, "excluded_lines": 0}, "missing_lines": [], "excluded_lines": []}, "": {"executed_lines": [1, 2, 3, 5, 6, 7, 9, 13, 14, 17, 18, 24, 25, 26, 32, 40, 41, 48, 59], "summary": {"covered_lines": 19, "num_statements": 21, "percent_covered": 90.47619047619048, "percent_covered_display": "90", "missing_lines": 2, "excluded_lines": 0}, "missing_lines": [10, 11], "excluded_lines": []}}}, "app/models/user.py": {"executed_lines": [1, 2, 3, 5, 6, 7, 8, 9, 11, 17, 18, 21, 22, 23, 24, 25, 26, 27, 28, 33, 41, 42, 43, 44, 46, 47, 48, 49, 50, 51, 53, 54, 56, 59, 61, 62, 65, 66, 67, 69, 70, 72, 74], "summary": {"covered_lines": 42, "num_statements": 47, "percent_covered": 89.36170212765957, "percent_covered_display": "89", "missing_lines": 5, "excluded_lines": 4}, "missing_lines": [12, 13, 14, 15, 63], "excluded_lines": [50, 52, 55, 57], "functions": {"User.validate_username": {"executed_lines": [48, 49, 50, 51, 53, 54, 56, 59], "summary": {"covered_lines": 7, "num_statements": 7, "percent_covered": 100.0, "percent_covered_display": "100", "missing_lines": 0, "excluded_lines": 4}, "missing_lines": [], "excluded_lines": [50, 52, 55, 57]}, "User.password": {"executed_lines": [67], "summary": {"covered_lines": 1, "num_statements": 1, "percent_covered": 100.0, "percent_covered_display": "100", "missing_lines": 0, "excluded_lines": 0}, "missing_lines": [], "excluded_lines": []}, "User.check_password": {"executed_lines": [70], "summary": {"covered_lines": 1, "num_statements": 1, "percent_covered": 100.0, "percent_covered_display": "100", "missing_lines": 0, "excluded_lines": 0}, "missing_lines": [], "excluded_lines": []}, "User.to_dict": {"executed_lines": [74], "summary": {"covered_lines": 1, "num_statements": 1, "percent_covered": 100.0, "percent_covered_display": "100", "missing_lines": 0, "excluded_lines": 0}, "missing_lines": [], "excluded_lines": []}, "": {"executed_lines": [1, 2, 3, 5, 6, 7, 8, 9, 11, 17, 18, 21, 22, 23, 24, 25, 26, 27, 28, 33, 41, 42, 43, 44, 46, 47, 61, 62, 65, 66, 69, 72], "summary": {"covered_lines": 32, "num_statements": 36, "percent_covered": 88.88888888888889, "percent_covered_display": "89", "missing_lines": 4, "excluded_lines": 0}, "missing_lines": [12, 13, 14, 15], "excluded_lines": []}}, "classes": {"User": {"executed_lines": [48, 49, 50, 51, 53, 54, 56, 59, 67, 70, 74], "summary": {"covered_lines": 10, "num_statements": 11, "percent_covered": 90.9090909090909, "percent_covered_display": "91", "missing_lines": 1, "excluded_lines": 4}, "missing_lines": [63], "excluded_lines": [50, 52, 55, 57]}, "": {"executed_lines": [1, 2, 3, 5, 6, 7, 8, 9, 11, 17, 18, 21, 22, 23, 24, 25, 26, 27, 28, 33, 41, 42, 43, 44, 46, 47, 61, 62, 65, 66, 69, 72], "summary": {"covered_lines": 32, "num_statements": 36, "percent_covered": 88.88888888888889, "percent_covered_display": "89", "missing_lines": 4, "excluded_lines": 0}, "missing_lines": [12, 13, 14, 15], "excluded_lines": []}}}, "app/schemas/__init__.py": {"executed_lines": [1, 6, 7, 8, 9, 11], "summary": {"covered_lines": 5, "num_statements": 5, "percent_covered": 100.0, "percent_covered_display": "100", "missing_lines": 0, "excluded_lines": 0}, "missing_lines": [], "excluded_lines": [], "functions": {"": {"executed_lines": [1, 6, 7, 8, 9, 11], "summary": {"covered_lines": 5, "num_statements": 5, "percent_covered": 100.0, "percent_covered_display": "100", "missing_lines": 0, "excluded_lines": 0}, "missing_lines": [], "excluded_lines": []}}, "classes": {"": {"executed_lines": [1, 6, 7, 8, 9, 11], "summary": {"covered_lines": 5, "num_statements": 5, "percent_covered": 100.0, "percent_covered_display": "100", "missing_lines": 0, "excluded_lines": 0}, "missing_lines": [], "excluded_lines": []}}}, "app/schemas/auth_schemas.py": {"executed_lines": [1, 6, 7, 8, 11, 12, 13, 15, 16, 19, 20, 21, 23, 30, 31, 32, 33, 34, 36, 37, 38, 40, 42, 43, 44, 45, 46, 47, 48, 50, 51, 52, 54, 55, 56, 59, 60, 61, 63, 66, 67, 68, 70, 71, 72, 74, 75, 76, 78, 80, 82, 84, 86, 88, 89, 90, 92, 93, 94, 97, 98, 99, 101, 102, 103], "summary": {"covered_lines": 59, "num_statements": 64, "percent_covered": 92.1875, "percent_covered_display": "92", "missing_lines": 5, "excluded_lines": 0}, "missing_lines": [41, 79, 81, 83, 85], "excluded_lines": [], "functions": {"SignUpSchema.validate_password_strength": {"executed_lines": [40, 42, 43, 44, 45, 46, 47, 48], "summary": {"covered_lines": 8, "num_statements": 9, "percent_covered": 88.88888888888889, "percent_covered_display": "89", "missing_lines": 1, "excluded_lines": 0}, "missing_lines": [41], "excluded_lines": []}, "SignUpSchema.validate_passwords_match": {"executed_lines": [54, 55, 56], "summary": {"covered_lines": 3, "num_statements": 3, "percent_covered": 100.0, "percent_covered_display": "100", "missing_lines": 0, "excluded_lines": 0}, "missing_lines": [], "excluded_lines": []}, "PasswordResetSchema.validate_password_strength": {"executed_lines": [78, 80, 82, 84, 86], "summary": {"covered_lines": 5, "num_statements": 9, "percent_covered": 55.55555555555556, "percent_covered_display": "56", "missing_lines": 4, "excluded_lines": 0}, "missing_lines": [79, 81, 83, 85], "excluded_lines": []}, "PasswordResetSchema.validate_passwords_match": {"executed_lines": [92, 93, 94], "summary": {"covered_lines": 3, "num_statements": 3, "percent_covered": 100.0, "percent_covered_display": "100", "missing_lines": 0, "excluded_lines": 0}, "missing_lines": [], "excluded_lines": []}, "": {"executed_lines": [1, 6, 7, 8, 11, 12, 13, 15, 16, 19, 20, 21, 23, 30, 31, 32, 33, 34, 36, 37, 38, 50, 51, 52, 59, 60, 61, 63, 66, 67, 68, 70, 71, 72, 74, 75, 76, 88, 89, 90, 97, 98, 99, 101, 102, 103], "summary": {"covered_lines": 40, "num_statements": 40, "percent_covered": 100.0, "percent_covered_display": "100", "missing_lines": 0, "excluded_lines": 0}, "missing_lines": [], "excluded_lines": []}}, "classes": {"LoginSchema": {"executed_lines": [], "summary": {"covered_lines": 0, "num_statements": 0, "percent_covered": 100.0, "percent_covered_display": "100", "missing_lines": 0, "excluded_lines": 0}, "missing_lines": [], "excluded_lines": []}, "SignUpSchema": {"executed_lines": [40, 42, 43, 44, 45, 46, 47, 48, 54, 55, 56], "summary": {"covered_lines": 11, "num_statements": 12, "percent_covered": 91.66666666666667, "percent_covered_display": "92", "missing_lines": 1, "excluded_lines": 0}, "missing_lines": [41], "excluded_lines": []}, "PasswordResetRequestSchema": {"executed_lines": [], "summary": {"covered_lines": 0, "num_statements": 0, "percent_covered": 100.0, "percent_covered_display": "100", "missing_lines": 0, "excluded_lines": 0}, "missing_lines": [], "excluded_lines": []}, "PasswordResetSchema": {"executed_lines": [78, 80, 82, 84, 86, 92, 93, 94], "summary": {"covered_lines": 8, "num_statements": 12, "percent_covered": 66.66666666666667, "percent_covered_display": "67", "missing_lines": 4, "excluded_lines": 0}, "missing_lines": [79, 81, 83, 85], "excluded_lines": []}, "AuthResponseSchema": {"executed_lines": [], "summary": {"covered_lines": 0, "num_statements": 0, "percent_covered": 100.0, "percent_covered_display": "100", "missing_lines": 0, "excluded_lines": 0}, "missing_lines": [], "excluded_lines": []}, "": {"executed_lines": [1, 6, 7, 8, 11, 12, 13, 15, 16, 19, 20, 21, 23, 30, 31, 32, 33, 34, 36, 37, 38, 50, 51, 52, 59, 60, 61, 63, 66, 67, 68, 70, 71, 72, 74, 75, 76, 88, 89, 90, 97, 98, 99, 101, 102, 103], "summary": {"covered_lines": 40, "num_statements": 40, "percent_covered": 100.0, "percent_covered_display": "100", "missing_lines": 0, "excluded_lines": 0}, "missing_lines": [], "excluded_lines": []}}}, "app/schemas/comment_schemas.py": {"executed_lines": [1, 6, 7, 8, 10, 13, 14, 15, 17, 25, 26, 27, 31, 32, 33, 35, 43, 44, 45, 46, 47, 48, 49, 52, 53, 54, 57, 58, 59, 61, 64, 65, 66], "summary": {"covered_lines": 25, "num_statements": 25, "percent_covered": 100.0, "percent_covered_display": "100", "missing_lines": 0, "excluded_lines": 0}, "missing_lines": [], "excluded_lines": [], "functions": {"": {"executed_lines": [1, 6, 7, 8, 10, 13, 14, 15, 17, 25, 26, 27, 31, 32, 33, 35, 43, 44, 45, 46, 47, 48, 49, 52, 53, 54, 57, 58, 59, 61, 64, 65, 66], "summary": {"covered_lines": 25, "num_statements": 25, "percent_covered": 100.0, "percent_covered_display": "100", "missing_lines": 0, "excluded_lines": 0}, "missing_lines": [], "excluded_lines": []}}, "classes": {"CommentBaseSchema": {"executed_lines": [], "summary": {"covered_lines": 0, "num_statements": 0, "percent_covered": 100.0, "percent_covered_display": "100", "missing_lines": 0, "excluded_lines": 0}, "missing_lines": [], "excluded_lines": []}, "CommentCreateSchema": {"executed_lines": [], "summary": {"covered_lines": 0, "num_statements": 0, "percent_covered": 100.0, "percent_covered_display": "100", "missing_lines": 0, "excluded_lines": 0}, "missing_lines": [], "excluded_lines": []}, "CommentUpdateSchema": {"executed_lines": [], "summary": {"covered_lines": 0, "num_statements": 0, "percent_covered": 100.0, "percent_covered_display": "100", "missing_lines": 0, "excluded_lines": 0}, "missing_lines": [], "excluded_lines": []}, "CommentResponseSchema": {"executed_lines": [], "summary": {"covered_lines": 0, "num_statements": 0, "percent_covered": 100.0, "percent_covered_display": "100", "missing_lines": 0, "excluded_lines": 0}, "missing_lines": [], "excluded_lines": []}, "CommentWithUserSchema": {"executed_lines": [], "summary": {"covered_lines": 0, "num_statements": 0, "percent_covered": 100.0, "percent_covered_display": "100", "missing_lines": 0, "excluded_lines": 0}, "missing_lines": [], "excluded_lines": []}, "CommentStatsSchema": {"executed_lines": [], "summary": {"covered_lines": 0, "num_statements": 0, "percent_covered": 100.0, "percent_covered_display": "100", "missing_lines": 0, "excluded_lines": 0}, "missing_lines": [], "excluded_lines": []}, "CommentDetailSchema": {"executed_lines": [], "summary": {"covered_lines": 0, "num_statements": 0, "percent_covered": 100.0, "percent_covered_display": "100", "missing_lines": 0, "excluded_lines": 0}, "missing_lines": [], "excluded_lines": []}, "": {"executed_lines": [1, 6, 7, 8, 10, 13, 14, 15, 17, 25, 26, 27, 31, 32, 33, 35, 43, 44, 45, 46, 47, 48, 49, 52, 53, 54, 57, 58, 59, 61, 64, 65, 66], "summary": {"covered_lines": 25, "num_statements": 25, "percent_covered": 100.0, "percent_covered_display": "100", "missing_lines": 0, "excluded_lines": 0}, "missing_lines": [], "excluded_lines": []}}}, "app/schemas/like_schemas.py": {"executed_lines": [1, 6, 7, 8, 10, 13, 16, 17, 18, 20, 21, 25, 26, 27, 29, 30, 31, 32, 33, 36, 37, 38, 41, 42, 43, 45, 46], "summary": {"covered_lines": 22, "num_statements": 22, "percent_covered": 100.0, "percent_covered_display": "100", "missing_lines": 0, "excluded_lines": 0}, "missing_lines": [], "excluded_lines": [], "functions": {"": {"executed_lines": [1, 6, 7, 8, 10, 13, 16, 17, 18, 20, 21, 25, 26, 27, 29, 30, 31, 32, 33, 36, 37, 38, 41, 42, 43, 45, 46], "summary": {"covered_lines": 22, "num_statements": 22, "percent_covered": 100.0, "percent_covered_display": "100", "missing_lines": 0, "excluded_lines": 0}, "missing_lines": [], "excluded_lines": []}}, "classes": {"LikeCreateSchema": {"executed_lines": [], "summary": {"covered_lines": 0, "num_statements": 0, "percent_covered": 100.0, "percent_covered_display": "100", "missing_lines": 0, "excluded_lines": 0}, "missing_lines": [], "excluded_lines": []}, "LikeResponseSchema": {"executed_lines": [], "summary": {"covered_lines": 0, "num_statements": 0, "percent_covered": 100.0, "percent_covered_display": "100", "missing_lines": 0, "excluded_lines": 0}, "missing_lines": [], "excluded_lines": []}, "LikeWithUserSchema": {"executed_lines": [], "summary": {"covered_lines": 0, "num_statements": 0, "percent_covered": 100.0, "percent_covered_display": "100", "missing_lines": 0, "excluded_lines": 0}, "missing_lines": [], "excluded_lines": []}, "LikeStatsSchema": {"executed_lines": [], "summary": {"covered_lines": 0, "num_statements": 0, "percent_covered": 100.0, "percent_covered_display": "100", "missing_lines": 0, "excluded_lines": 0}, "missing_lines": [], "excluded_lines": []}, "": {"executed_lines": [1, 6, 7, 8, 10, 13, 16, 17, 18, 20, 21, 25, 26, 27, 29, 30, 31, 32, 33, 36, 37, 38, 41, 42, 43, 45, 46], "summary": {"covered_lines": 22, "num_statements": 22, "percent_covered": 100.0, "percent_covered_display": "100", "missing_lines": 0, "excluded_lines": 0}, "missing_lines": [], "excluded_lines": []}}}, "app/schemas/post_schemas.py": {"executed_lines": [1, 6, 7, 8, 10, 13, 14, 15, 17, 18, 21, 22, 24, 27, 28, 29, 31, 34, 35, 36, 37, 38, 39, 42, 43, 44, 47, 48, 49, 51, 52, 55, 56, 57], "summary": {"covered_lines": 26, "num_statements": 26, "percent_covered": 100.0, "percent_covered_display": "100", "missing_lines": 0, "excluded_lines": 0}, "missing_lines": [], "excluded_lines": [], "functions": {"": {"executed_lines": [1, 6, 7, 8, 10, 13, 14, 15, 17, 18, 21, 22, 24, 27, 28, 29, 31, 34, 35, 36, 37, 38, 39, 42, 43, 44, 47, 48, 49, 51, 52, 55, 56, 57], "summary": {"covered_lines": 26, "num_statements": 26, "percent_covered": 100.0, "percent_covered_display": "100", "missing_lines": 0, "excluded_lines": 0}, "missing_lines": [], "excluded_lines": []}}, "classes": {"PostBaseSchema": {"executed_lines": [], "summary": {"covered_lines": 0, "num_statements": 0, "percent_covered": 100.0, "percent_covered_display": "100", "missing_lines": 0, "excluded_lines": 0}, "missing_lines": [], "excluded_lines": []}, "PostCreateSchema": {"executed_lines": [], "summary": {"covered_lines": 0, "num_statements": 0, "percent_covered": 100.0, "percent_covered_display": "100", "missing_lines": 0, "excluded_lines": 0}, "missing_lines": [], "excluded_lines": []}, "PostUpdateSchema": {"executed_lines": [], "summary": {"covered_lines": 0, "num_statements": 0, "percent_covered": 100.0, "percent_covered_display": "100", "missing_lines": 0, "excluded_lines": 0}, "missing_lines": [], "excluded_lines": []}, "PostResponseSchema": {"executed_lines": [], "summary": {"covered_lines": 0, "num_statements": 0, "percent_covered": 100.0, "percent_covered_display": "100", "missing_lines": 0, "excluded_lines": 0}, "missing_lines": [], "excluded_lines": []}, "PostWithUserSchema": {"executed_lines": [], "summary": {"covered_lines": 0, "num_statements": 0, "percent_covered": 100.0, "percent_covered_display": "100", "missing_lines": 0, "excluded_lines": 0}, "missing_lines": [], "excluded_lines": []}, "PostStatsSchema": {"executed_lines": [], "summary": {"covered_lines": 0, "num_statements": 0, "percent_covered": 100.0, "percent_covered_display": "100", "missing_lines": 0, "excluded_lines": 0}, "missing_lines": [], "excluded_lines": []}, "PostDetailSchema": {"executed_lines": [], "summary": {"covered_lines": 0, "num_statements": 0, "percent_covered": 100.0, "percent_covered_display": "100", "missing_lines": 0, "excluded_lines": 0}, "missing_lines": [], "excluded_lines": []}, "": {"executed_lines": [1, 6, 7, 8, 10, 13, 14, 15, 17, 18, 21, 22, 24, 27, 28, 29, 31, 34, 35, 36, 37, 38, 39, 42, 43, 44, 47, 48, 49, 51, 52, 55, 56, 57], "summary": {"covered_lines": 26, "num_statements": 26, "percent_covered": 100.0, "percent_covered_display": "100", "missing_lines": 0, "excluded_lines": 0}, "missing_lines": [], "excluded_lines": []}}}, "app/schemas/user_schemas.py": {"executed_lines": [1, 6, 7, 8, 11, 12, 13, 15, 16, 17, 24, 27, 28, 29, 35, 38, 39, 40, 42, 43, 44, 50, 51, 54, 55, 56, 57, 58, 59, 65, 66, 67, 69, 70, 71, 72, 75, 76, 77, 79, 80, 81], "summary": {"covered_lines": 35, "num_statements": 35, "percent_covered": 100.0, "percent_covered_display": "100", "missing_lines": 0, "excluded_lines": 0}, "missing_lines": [], "excluded_lines": [], "functions": {"": {"executed_lines": [1, 6, 7, 8, 11, 12, 13, 15, 16, 17, 24, 27, 28, 29, 35, 38, 39, 40, 42, 43, 44, 50, 51, 54, 55, 56, 57, 58, 59, 65, 66, 67, 69, 70, 71, 72, 75, 76, 77, 79, 80, 81], "summary": {"covered_lines": 35, "num_statements": 35, "percent_covered": 100.0, "percent_covered_display": "100", "missing_lines": 0, "excluded_lines": 0}, "missing_lines": [], "excluded_lines": []}}, "classes": {"UserBaseSchema": {"executed_lines": [], "summary": {"covered_lines": 0, "num_statements": 0, "percent_covered": 100.0, "percent_covered_display": "100", "missing_lines": 0, "excluded_lines": 0}, "missing_lines": [], "excluded_lines": []}, "UserCreateSchema": {"executed_lines": [], "summary": {"covered_lines": 0, "num_statements": 0, "percent_covered": 100.0, "percent_covered_display": "100", "missing_lines": 0, "excluded_lines": 0}, "missing_lines": [], "excluded_lines": []}, "UserUpdateSchema": {"executed_lines": [], "summary": {"covered_lines": 0, "num_statements": 0, "percent_covered": 100.0, "percent_covered_display": "100", "missing_lines": 0, "excluded_lines": 0}, "missing_lines": [], "excluded_lines": []}, "UserResponseSchema": {"executed_lines": [], "summary": {"covered_lines": 0, "num_statements": 0, "percent_covered": 100.0, "percent_covered_display": "100", "missing_lines": 0, "excluded_lines": 0}, "missing_lines": [], "excluded_lines": []}, "UserPublicSchema": {"executed_lines": [], "summary": {"covered_lines": 0, "num_statements": 0, "percent_covered": 100.0, "percent_covered_display": "100", "missing_lines": 0, "excluded_lines": 0}, "missing_lines": [], "excluded_lines": []}, "UserStatsSchema": {"executed_lines": [], "summary": {"covered_lines": 0, "num_statements": 0, "percent_covered": 100.0, "percent_covered_display": "100", "missing_lines": 0, "excluded_lines": 0}, "missing_lines": [], "excluded_lines": []}, "": {"executed_lines": [1, 6, 7, 8, 11, 12, 13, 15, 16, 17, 24, 27, 28, 29, 35, 38, 39, 40, 42, 43, 44, 50, 51, 54, 55, 56, 57, 58, 59, 65, 66, 67, 69, 70, 71, 72, 75, 76, 77, 79, 80, 81], "summary": {"covered_lines": 35, "num_statements": 35, "percent_covered": 100.0, "percent_covered_display": "100", "missing_lines": 0, "excluded_lines": 0}, "missing_lines": [], "excluded_lines": []}}}, "app/utils/api_utils.py": {"executed_lines": [1, 6, 7, 8, 9, 10, 12, 15, 16, 17, 18, 19, 20, 21, 24, 25, 26, 27, 30, 31, 32, 33, 36, 37, 38, 39, 42, 43, 44, 45, 48, 50, 51, 52, 53, 54, 56, 63, 65, 68, 69, 74, 75, 81, 82, 89, 91, 98, 100, 105, 106, 107, 109, 111, 114, 116], "summary": {"covered_lines": 50, "num_statements": 50, "percent_covered": 100.0, "percent_covered_display": "100", "missing_lines": 0, "excluded_lines": 0}, "missing_lines": [], "excluded_lines": [], "functions": {"APIError.__init__": {"executed_lines": [18, 19, 20, 21], "summary": {"covered_lines": 4, "num_statements": 4, "percent_covered": 100.0, "percent_covered_display": "100", "missing_lines": 0, "excluded_lines": 0}, "missing_lines": [], "excluded_lines": []}, "ValidationAPIError.__init__": {"executed_lines": [27], "summary": {"covered_lines": 1, "num_statements": 1, "percent_covered": 100.0, "percent_covered_display": "100", "missing_lines": 0, "excluded_lines": 0}, "missing_lines": [], "excluded_lines": []}, "NotFoundAPIError.__init__": {"executed_lines": [33], "summary": {"covered_lines": 1, "num_statements": 1, "percent_covered": 100.0, "percent_covered_display": "100", "missing_lines": 0, "excluded_lines": 0}, "missing_lines": [], "excluded_lines": []}, "UnauthorizedAPIError.__init__": {"executed_lines": [39], "summary": {"covered_lines": 1, "num_statements": 1, "percent_covered": 100.0, "percent_covered_display": "100", "missing_lines": 0, "excluded_lines": 0}, "missing_lines": [], "excluded_lines": []}, "ForbiddenAPIError.__init__": {"executed_lines": [45], "summary": {"covered_lines": 1, "num_statements": 1, "percent_covered": 100.0, "percent_covered_display": "100", "missing_lines": 0, "excluded_lines": 0}, "missing_lines": [], "excluded_lines": []}, "handle_validation_error": {"executed_lines": [50, 51, 52, 53, 54, 56], "summary": {"covered_lines": 6, "num_statements": 6, "percent_covered": 100.0, "percent_covered_display": "100", "missing_lines": 0, "excluded_lines": 0}, "missing_lines": [], "excluded_lines": []}, "handle_integrity_error": {"executed_lines": [65, 68, 69, 74, 75, 81, 82], "summary": {"covered_lines": 7, "num_statements": 7, "percent_covered": 100.0, "percent_covered_display": "100", "missing_lines": 0, "excluded_lines": 0}, "missing_lines": [], "excluded_lines": []}, "handle_api_error": {"executed_lines": [91], "summary": {"covered_lines": 1, "num_statements": 1, "percent_covered": 100.0, "percent_covered_display": "100", "missing_lines": 0, "excluded_lines": 0}, "missing_lines": [], "excluded_lines": []}, "success_response": {"executed_lines": [100, 105, 106, 107, 109, 111], "summary": {"covered_lines": 6, "num_statements": 6, "percent_covered": 100.0, "percent_covered_display": "100", "missing_lines": 0, "excluded_lines": 0}, "missing_lines": [], "excluded_lines": []}, "error_response": {"executed_lines": [116], "summary": {"covered_lines": 1, "num_statements": 1, "percent_covered": 100.0, "percent_covered_display": "100", "missing_lines": 0, "excluded_lines": 0}, "missing_lines": [], "excluded_lines": []}, "": {"executed_lines": [1, 6, 7, 8, 9, 10, 12, 15, 16, 17, 24, 25, 26, 30, 31, 32, 36, 37, 38, 42, 43, 44, 48, 63, 89, 98, 114], "summary": {"covered_lines": 21, "num_statements": 21, "percent_covered": 100.0, "percent_covered_display": "100", "missing_lines": 0, "excluded_lines": 0}, "missing_lines": [], "excluded_lines": []}}, "classes": {"APIError": {"executed_lines": [18, 19, 20, 21], "summary": {"covered_lines": 4, "num_statements": 4, "percent_covered": 100.0, "percent_covered_display": "100", "missing_lines": 0, "excluded_lines": 0}, "missing_lines": [], "excluded_lines": []}, "ValidationAPIError": {"executed_lines": [27], "summary": {"covered_lines": 1, "num_statements": 1, "percent_covered": 100.0, "percent_covered_display": "100", "missing_lines": 0, "excluded_lines": 0}, "missing_lines": [], "excluded_lines": []}, "NotFoundAPIError": {"executed_lines": [33], "summary": {"covered_lines": 1, "num_statements": 1, "percent_covered": 100.0, "percent_covered_display": "100", "missing_lines": 0, "excluded_lines": 0}, "missing_lines": [], "excluded_lines": []}, "UnauthorizedAPIError": {"executed_lines": [39], "summary": {"covered_lines": 1, "num_statements": 1, "percent_covered": 100.0, "percent_covered_display": "100", "missing_lines": 0, "excluded_lines": 0}, "missing_lines": [], "excluded_lines": []}, "ForbiddenAPIError": {"executed_lines": [45], "summary": {"covered_lines": 1, "num_statements": 1, "percent_covered": 100.0, "percent_covered_display": "100", "missing_lines": 0, "excluded_lines": 0}, "missing_lines": [], "excluded_lines": []}, "": {"executed_lines": [1, 6, 7, 8, 9, 10, 12, 15, 16, 17, 24, 25, 26, 30, 31, 32, 36, 37, 38, 42, 43, 44, 48, 50, 51, 52, 53, 54, 56, 63, 65, 68, 69, 74, 75, 81, 82, 89, 91, 98, 100, 105, 106, 107, 109, 111, 114, 116], "summary": {"covered_lines": 42, "num_statements": 42, "percent_covered": 100.0, "percent_covered_display": "100", "missing_lines": 0, "excluded_lines": 0}, "missing_lines": [], "excluded_lines": []}}}, "app/utils/caching.py": {"executed_lines": [1, 6, 7, 8, 9, 10, 11, 12, 13, 14, 16, 19, 20, 22, 23, 24, 25, 27, 29, 30, 31, 34, 44, 45, 46, 48, 52, 67, 82, 95, 112, 128, 153, 156, 163, 205, 241, 246, 262, 279, 280, 281, 282, 283], "summary": {"covered_lines": 42, "num_statements": 166, "percent_covered": 25.301204819277107, "percent_covered_display": "25", "missing_lines": 124, "excluded_lines": 0}, "missing_lines": [37, 38, 39, 41, 42, 50, 54, 55, 57, 58, 59, 60, 61, 62, 63, 64, 65, 69, 70, 72, 73, 74, 75, 76, 77, 78, 79, 80, 84, 85, 87, 88, 89, 90, 91, 92, 93, 97, 98, 100, 101, 102, 103, 104, 105, 106, 107, 108, 109, 110, 114, 115, 117, 118, 119, 120, 121, 122, 123, 124, 125, 126, 130, 131, 133, 134, 135, 136, 138, 147, 148, 149, 159, 160, 171, 172, 173, 174, 176, 179, 180, 182, 183, 186, 187, 188, 189, 192, 193, 196, 197, 199, 201, 202, 212, 213, 214, 215, 216, 219, 220, 223, 224, 227, 228, 229, 232, 233, 235, 237, 238, 243, 248, 254, 255, 256, 258, 259, 264, 270, 271, 272, 274, 275], "excluded_lines": [], "functions": {"CacheManager.__init__": {"executed_lines": [23, 24, 25], "summary": {"covered_lines": 3, "num_statements": 3, "percent_covered": 100.0, "percent_covered_display": "100", "missing_lines": 0, "excluded_lines": 0}, "missing_lines": [], "excluded_lines": []}, "CacheManager.init_app": {"executed_lines": [29, 30, 31, 34, 44, 45, 46], "summary": {"covered_lines": 7, "num_statements": 12, "percent_covered": 58.333333333333336, "percent_covered_display": "58", "missing_lines": 5, "excluded_lines": 0}, "missing_lines": [37, 38, 39, 41, 42], "excluded_lines": []}, "CacheManager._make_key": {"executed_lines": [], "summary": {"covered_lines": 0, "num_statements": 1, "percent_covered": 0.0, "percent_covered_display": "0", "missing_lines": 1, "excluded_lines": 0}, "missing_lines": [50], "excluded_lines": []}, "CacheManager.get": {"executed_lines": [], "summary": {"covered_lines": 0, "num_statements": 11, "percent_covered": 0.0, "percent_covered_display": "0", "missing_lines": 11, "excluded_lines": 0}, "missing_lines": [54, 55, 57, 58, 59, 60, 61, 62, 63, 64, 65], "excluded_lines": []}, "CacheManager.set": {"executed_lines": [], "summary": {"covered_lines": 0, "num_statements": 11, "percent_covered": 0.0, "percent_covered_display": "0", "missing_lines": 11, "excluded_lines": 0}, "missing_lines": [69, 70, 72, 73, 74, 75, 76, 77, 78, 79, 80], "excluded_lines": []}, "CacheManager.delete": {"executed_lines": [], "summary": {"covered_lines": 0, "num_statements": 9, "percent_covered": 0.0, "percent_covered_display": "0", "missing_lines": 9, "excluded_lines": 0}, "missing_lines": [84, 85, 87, 88, 89, 90, 91, 92, 93], "excluded_lines": []}, "CacheManager.delete_pattern": {"executed_lines": [], "summary": {"covered_lines": 0, "num_statements": 13, "percent_covered": 0.0, "percent_covered_display": "0", "missing_lines": 13, "excluded_lines": 0}, "missing_lines": [97, 98, 100, 101, 102, 103, 104, 105, 106, 107, 108, 109, 110], "excluded_lines": []}, "CacheManager.clear_all": {"executed_lines": [], "summary": {"covered_lines": 0, "num_statements": 12, "percent_covered": 0.0, "percent_covered_display": "0", "missing_lines": 12, "excluded_lines": 0}, "missing_lines": [114, 115, 117, 118, 119, 120, 121, 122, 123, 124, 125, 126], "excluded_lines": []}, "CacheManager.get_stats": {"executed_lines": [], "summary": {"covered_lines": 0, "num_statements": 10, "percent_covered": 0.0, "percent_covered_display": "0", "missing_lines": 10, "excluded_lines": 0}, "missing_lines": [130, 131, 133, 134, 135, 136, 138, 147, 148, 149], "excluded_lines": []}, "cache_key": {"executed_lines": [], "summary": {"covered_lines": 0, "num_statements": 2, "percent_covered": 0.0, "percent_covered_display": "0", "missing_lines": 2, "excluded_lines": 0}, "missing_lines": [159, 160], "excluded_lines": []}, "cached": {"executed_lines": [], "summary": {"covered_lines": 0, "num_statements": 3, "percent_covered": 0.0, "percent_covered_display": "0", "missing_lines": 3, "excluded_lines": 0}, "missing_lines": [171, 172, 202], "excluded_lines": []}, "cached.decorator": {"executed_lines": [], "summary": {"covered_lines": 0, "num_statements": 2, "percent_covered": 0.0, "percent_covered_display": "0", "missing_lines": 2, "excluded_lines": 0}, "missing_lines": [173, 201], "excluded_lines": []}, "cached.decorator.wrapper": {"executed_lines": [], "summary": {"covered_lines": 0, "num_statements": 15, "percent_covered": 0.0, "percent_covered_display": "0", "missing_lines": 15, "excluded_lines": 0}, "missing_lines": [174, 176, 179, 180, 182, 183, 186, 187, 188, 189, 192, 193, 196, 197, 199], "excluded_lines": []}, "smart_cached": {"executed_lines": [], "summary": {"covered_lines": 0, "num_statements": 3, "percent_covered": 0.0, "percent_covered_display": "0", "missing_lines": 3, "excluded_lines": 0}, "missing_lines": [212, 213, 238], "excluded_lines": []}, "smart_cached.decorator": {"executed_lines": [], "summary": {"covered_lines": 0, "num_statements": 2, "percent_covered": 0.0, "percent_covered_display": "0", "missing_lines": 2, "excluded_lines": 0}, "missing_lines": [214, 237], "excluded_lines": []}, "smart_cached.decorator.wrapper": {"executed_lines": [], "summary": {"covered_lines": 0, "num_statements": 12, "percent_covered": 0.0, "percent_covered_display": "0", "missing_lines": 12, "excluded_lines": 0}, "missing_lines": [215, 216, 219, 220, 223, 224, 227, 228, 229, 232, 233, 235], "excluded_lines": []}, "invalidate_cache_pattern": {"executed_lines": [], "summary": {"covered_lines": 0, "num_statements": 1, "percent_covered": 0.0, "percent_covered_display": "0", "missing_lines": 1, "excluded_lines": 0}, "missing_lines": [243], "excluded_lines": []}, "invalidate_user_cache": {"executed_lines": [], "summary": {"covered_lines": 0, "num_statements": 6, "percent_covered": 0.0, "percent_covered_display": "0", "missing_lines": 6, "excluded_lines": 0}, "missing_lines": [248, 254, 255, 256, 258, 259], "excluded_lines": []}, "invalidate_post_cache": {"executed_lines": [], "summary": {"covered_lines": 0, "num_statements": 6, "percent_covered": 0.0, "percent_covered_display": "0", "missing_lines": 6, "excluded_lines": 0}, "missing_lines": [264, 270, 271, 272, 274, 275], "excluded_lines": []}, "": {"executed_lines": [1, 6, 7, 8, 9, 10, 11, 12, 13, 14, 16, 19, 20, 22, 27, 48, 52, 67, 82, 95, 112, 128, 153, 156, 163, 205, 241, 246, 262, 279, 280, 281, 282, 283], "summary": {"covered_lines": 32, "num_statements": 32, "percent_covered": 100.0, "percent_covered_display": "100", "missing_lines": 0, "excluded_lines": 0}, "missing_lines": [], "excluded_lines": []}}, "classes": {"CacheManager": {"executed_lines": [23, 24, 25, 29, 30, 31, 34, 44, 45, 46], "summary": {"covered_lines": 10, "num_statements": 82, "percent_covered": 12.195121951219512, "percent_covered_display": "12", "missing_lines": 72, "excluded_lines": 0}, "missing_lines": [37, 38, 39, 41, 42, 50, 54, 55, 57, 58, 59, 60, 61, 62, 63, 64, 65, 69, 70, 72, 73, 74, 75, 76, 77, 78, 79, 80, 84, 85, 87, 88, 89, 90, 91, 92, 93, 97, 98, 100, 101, 102, 103, 104, 105, 106, 107, 108, 109, 110, 114, 115, 117, 118, 119, 120, 121, 122, 123, 124, 125, 126, 130, 131, 133, 134, 135, 136, 138, 147, 148, 149], "excluded_lines": []}, "": {"executed_lines": [1, 6, 7, 8, 9, 10, 11, 12, 13, 14, 16, 19, 20, 22, 27, 48, 52, 67, 82, 95, 112, 128, 153, 156, 163, 205, 241, 246, 262, 279, 280, 281, 282, 283], "summary": {"covered_lines": 32, "num_statements": 84, "percent_covered": 38.095238095238095, "percent_covered_display": "38", "missing_lines": 52, "excluded_lines": 0}, "missing_lines": [159, 160, 171, 172, 173, 174, 176, 179, 180, 182, 183, 186, 187, 188, 189, 192, 193, 196, 197, 199, 201, 202, 212, 213, 214, 215, 216, 219, 220, 223, 224, 227, 228, 229, 232, 233, 235, 237, 238, 243, 248, 254, 255, 256, 258, 259, 264, 270, 271, 272, 274, 275], "excluded_lines": []}}}, "app/utils/documentation.py": {"executed_lines": [1, 6, 7, 8, 9, 10, 11, 12, 14, 17, 18, 20, 21, 22, 24, 26, 27, 28, 30, 36, 37, 38, 43, 49, 52, 112, 151, 217, 219, 221, 242, 243, 246, 285, 323, 357], "summary": {"covered_lines": 34, "num_statements": 67, "percent_covered": 50.74626865671642, "percent_covered_display": "51", "missing_lines": 33, "excluded_lines": 0}, "missing_lines": [40, 41, 45, 75, 77, 90, 91, 92, 93, 94, 95, 96, 97, 100, 102, 103, 104, 106, 108, 248, 249, 251, 252, 253, 255, 287, 288, 290, 291, 292, 294, 325, 359], "excluded_lines": [], "functions": {"APIDocumentationManager.__init__": {"executed_lines": [21, 22], "summary": {"covered_lines": 2, "num_statements": 2, "percent_covered": 100.0, "percent_covered_display": "100", "missing_lines": 0, "excluded_lines": 0}, "missing_lines": [], "excluded_lines": []}, "APIDocumentationManager.init_app": {"executed_lines": [26, 27, 28, 30, 36, 37, 38], "summary": {"covered_lines": 7, "num_statements": 9, "percent_covered": 77.77777777777777, "percent_covered_display": "78", "missing_lines": 2, "excluded_lines": 0}, "missing_lines": [40, 41], "excluded_lines": []}, "APIDocumentationManager.register_spec": {"executed_lines": [], "summary": {"covered_lines": 0, "num_statements": 1, "percent_covered": 0.0, "percent_covered_display": "0", "missing_lines": 1, "excluded_lines": 0}, "missing_lines": [45], "excluded_lines": []}, "api_doc": {"executed_lines": [], "summary": {"covered_lines": 0, "num_statements": 2, "percent_covered": 0.0, "percent_covered_display": "0", "missing_lines": 2, "excluded_lines": 0}, "missing_lines": [75, 108], "excluded_lines": []}, "api_doc.decorator": {"executed_lines": [], "summary": {"covered_lines": 0, "num_statements": 13, "percent_covered": 0.0, "percent_covered_display": "0", "missing_lines": 13, "excluded_lines": 0}, "missing_lines": [77, 90, 91, 92, 93, 94, 95, 96, 97, 100, 102, 103, 106], "excluded_lines": []}, "api_doc.decorator.wrapper": {"executed_lines": [], "summary": {"covered_lines": 0, "num_statements": 1, "percent_covered": 0.0, "percent_covered_display": "0", "missing_lines": 1, "excluded_lines": 0}, "missing_lines": [104], "excluded_lines": []}, "auth_doc": {"executed_lines": [219, 243], "summary": {"covered_lines": 2, "num_statements": 2, "percent_covered": 100.0, "percent_covered_display": "100", "missing_lines": 0, "excluded_lines": 0}, "missing_lines": [], "excluded_lines": []}, "auth_doc.decorator": {"executed_lines": [221, 242], "summary": {"covered_lines": 2, "num_statements": 2, "percent_covered": 100.0, "percent_covered_display": "100", "missing_lines": 0, "excluded_lines": 0}, "missing_lines": [], "excluded_lines": []}, "post_doc": {"executed_lines": [], "summary": {"covered_lines": 0, "num_statements": 6, "percent_covered": 0.0, "percent_covered_display": "0", "missing_lines": 6, "excluded_lines": 0}, "missing_lines": [248, 249, 251, 252, 253, 255], "excluded_lines": []}, "user_doc": {"executed_lines": [], "summary": {"covered_lines": 0, "num_statements": 6, "percent_covered": 0.0, "percent_covered_display": "0", "missing_lines": 6, "excluded_lines": 0}, "missing_lines": [287, 288, 290, 291, 292, 294], "excluded_lines": []}, "paginated_doc": {"executed_lines": [], "summary": {"covered_lines": 0, "num_statements": 1, "percent_covered": 0.0, "percent_covered_display": "0", "missing_lines": 1, "excluded_lines": 0}, "missing_lines": [325], "excluded_lines": []}, "file_upload_doc": {"executed_lines": [], "summary": {"covered_lines": 0, "num_statements": 1, "percent_covered": 0.0, "percent_covered_display": "0", "missing_lines": 1, "excluded_lines": 0}, "missing_lines": [359], "excluded_lines": []}, "": {"executed_lines": [1, 6, 7, 8, 9, 10, 11, 12, 14, 17, 18, 20, 24, 43, 49, 52, 112, 151, 217, 246, 285, 323, 357], "summary": {"covered_lines": 21, "num_statements": 21, "percent_covered": 100.0, "percent_covered_display": "100", "missing_lines": 0, "excluded_lines": 0}, "missing_lines": [], "excluded_lines": []}}, "classes": {"APIDocumentationManager": {"executed_lines": [21, 22, 26, 27, 28, 30, 36, 37, 38], "summary": {"covered_lines": 9, "num_statements": 12, "percent_covered": 75.0, "percent_covered_display": "75", "missing_lines": 3, "excluded_lines": 0}, "missing_lines": [40, 41, 45], "excluded_lines": []}, "": {"executed_lines": [1, 6, 7, 8, 9, 10, 11, 12, 14, 17, 18, 20, 24, 43, 49, 52, 112, 151, 217, 219, 221, 242, 243, 246, 285, 323, 357], "summary": {"covered_lines": 25, "num_statements": 55, "percent_covered": 45.45454545454545, "percent_covered_display": "45", "missing_lines": 30, "excluded_lines": 0}, "missing_lines": [75, 77, 90, 91, 92, 93, 94, 95, 96, 97, 100, 102, 103, 104, 106, 108, 248, 249, 251, 252, 253, 255, 287, 288, 290, 291, 292, 294, 325, 359], "excluded_lines": []}}}, "app/utils/rate_limiting.py": {"executed_lines": [1, 6, 7, 8, 9, 10, 11, 12, 14, 17, 18, 20, 21, 22, 24, 26, 28, 29, 32, 49, 50, 52, 58, 60, 70, 81, 84, 114, 121, 122, 123, 124, 128, 129, 131, 132, 133, 138, 139, 142, 169], "summary": {"covered_lines": 39, "num_statements": 87, "percent_covered": 44.827586206896555, "percent_covered_display": "45", "missing_lines": 48, "excluded_lines": 0}, "missing_lines": [33, 36, 46, 47, 63, 64, 65, 68, 72, 73, 92, 93, 94, 95, 97, 98, 101, 103, 104, 105, 106, 108, 110, 111, 125, 134, 135, 136, 149, 150, 152, 153, 159, 164, 165, 166, 179, 180, 182, 183, 186, 187, 188, 189, 191, 192, 193, 194], "excluded_lines": [], "functions": {"RateLimitManager.__init__": {"executed_lines": [21, 22], "summary": {"covered_lines": 2, "num_statements": 2, "percent_covered": 100.0, "percent_covered_display": "100", "missing_lines": 0, "excluded_lines": 0}, "missing_lines": [], "excluded_lines": []}, "RateLimitManager.init_app": {"executed_lines": [26, 28, 29, 32, 49, 50, 52, 58], "summary": {"covered_lines": 8, "num_statements": 12, "percent_covered": 66.66666666666667, "percent_covered_display": "67", "missing_lines": 4, "excluded_lines": 0}, "missing_lines": [33, 36, 46, 47], "excluded_lines": []}, "RateLimitManager._get_rate_limit_key": {"executed_lines": [], "summary": {"covered_lines": 0, "num_statements": 4, "percent_covered": 0.0, "percent_covered_display": "0", "missing_lines": 4, "excluded_lines": 0}, "missing_lines": [63, 64, 65, 68], "excluded_lines": []}, "RateLimitManager._on_rate_limit_exceeded": {"executed_lines": [], "summary": {"covered_lines": 0, "num_statements": 2, "percent_covered": 0.0, "percent_covered_display": "0", "missing_lines": 2, "excluded_lines": 0}, "missing_lines": [72, 73], "excluded_lines": []}, "rate_limit": {"executed_lines": [], "summary": {"covered_lines": 0, "num_statements": 3, "percent_covered": 0.0, "percent_covered_display": "0", "missing_lines": 3, "excluded_lines": 0}, "missing_lines": [92, 93, 111], "excluded_lines": []}, "rate_limit.decorator": {"executed_lines": [], "summary": {"covered_lines": 0, "num_statements": 2, "percent_covered": 0.0, "percent_covered_display": "0", "missing_lines": 2, "excluded_lines": 0}, "missing_lines": [94, 110], "excluded_lines": []}, "rate_limit.decorator.wrapper": {"executed_lines": [], "summary": {"covered_lines": 0, "num_statements": 9, "percent_covered": 0.0, "percent_covered_display": "0", "missing_lines": 9, "excluded_lines": 0}, "missing_lines": [95, 97, 98, 101, 103, 104, 105, 106, 108], "excluded_lines": []}, "smart_rate_limit": {"executed_lines": [121, 122, 139], "summary": {"covered_lines": 3, "num_statements": 3, "percent_covered": 100.0, "percent_covered_display": "100", "missing_lines": 0, "excluded_lines": 0}, "missing_lines": [], "excluded_lines": []}, "smart_rate_limit.decorator": {"executed_lines": [123, 138], "summary": {"covered_lines": 2, "num_statements": 2, "percent_covered": 100.0, "percent_covered_display": "100", "missing_lines": 0, "excluded_lines": 0}, "missing_lines": [], "excluded_lines": []}, "smart_rate_limit.decorator.wrapper": {"executed_lines": [124, 128, 129, 131, 132, 133], "summary": {"covered_lines": 6, "num_statements": 10, "percent_covered": 60.0, "percent_covered_display": "60", "missing_lines": 4, "excluded_lines": 0}, "missing_lines": [125, 134, 135, 136], "excluded_lines": []}, "get_rate_limit_status": {"executed_lines": [], "summary": {"covered_lines": 0, "num_statements": 8, "percent_covered": 0.0, "percent_covered_display": "0", "missing_lines": 8, "excluded_lines": 0}, "missing_lines": [149, 150, 152, 153, 159, 164, 165, 166], "excluded_lines": []}, "reset_rate_limit": {"executed_lines": [], "summary": {"covered_lines": 0, "num_statements": 12, "percent_covered": 0.0, "percent_covered_display": "0", "missing_lines": 12, "excluded_lines": 0}, "missing_lines": [179, 180, 182, 183, 186, 187, 188, 189, 191, 192, 193, 194], "excluded_lines": []}, "": {"executed_lines": [1, 6, 7, 8, 9, 10, 11, 12, 14, 17, 18, 20, 24, 60, 70, 81, 84, 114, 142, 169], "summary": {"covered_lines": 18, "num_statements": 18, "percent_covered": 100.0, "percent_covered_display": "100", "missing_lines": 0, "excluded_lines": 0}, "missing_lines": [], "excluded_lines": []}}, "classes": {"RateLimitManager": {"executed_lines": [21, 22, 26, 28, 29, 32, 49, 50, 52, 58], "summary": {"covered_lines": 10, "num_statements": 20, "percent_covered": 50.0, "percent_covered_display": "50", "missing_lines": 10, "excluded_lines": 0}, "missing_lines": [33, 36, 46, 47, 63, 64, 65, 68, 72, 73], "excluded_lines": []}, "": {"executed_lines": [1, 6, 7, 8, 9, 10, 11, 12, 14, 17, 18, 20, 24, 60, 70, 81, 84, 114, 121, 122, 123, 124, 128, 129, 131, 132, 133, 138, 139, 142, 169], "summary": {"covered_lines": 29, "num_statements": 67, "percent_covered": 43.28358208955224, "percent_covered_display": "43", "missing_lines": 38, "excluded_lines": 0}, "missing_lines": [92, 93, 94, 95, 97, 98, 101, 103, 104, 105, 106, 108, 110, 111, 125, 134, 135, 136, 149, 150, 152, 153, 159, 164, 165, 166, 179, 180, 182, 183, 186, 187, 188, 189, 191, 192, 193, 194], "excluded_lines": []}}}}, "totals": {"covered_lines": 1083, "num_statements": 1548, "percent_covered": 69.96124031007751, "percent_covered_display": "70", "missing_lines": 465, "excluded_lines": 24}}